<?xml version="1.0" encoding="UTF-8"?>
<testsuite xmlns:xsi="http://www.w3.org/2001/XMLSchema-instance" xsi:noNamespaceSchemaLocation="https://maven.apache.org/surefire/maven-surefire-plugin/xsd/surefire-test-report.xsd" name="com.leslie.StudentsMapperTest" time="144.411" tests="12" errors="2" skipped="0" failures="0">
  <properties>
[...]
</properties>
  <testcase name="test10" classname="com.leslie.StudentsMapperTest" time="4.2"/>
  <testcase name="test11" classname="com.leslie.StudentsMapperTest" time="1.255"/>
  <testcase name="test12" classname="com.leslie.StudentsMapperTest" time="2.761"/>
  <testcase name="test13" classname="com.leslie.StudentsMapperTest" time="0.446"/>
  <testcase name="test1" classname="com.leslie.StudentsMapperTest" time="0.9"/>
  <testcase name="test2" classname="com.leslie.StudentsMapperTest" time="34.595">
    <error message="&#10;### Error updating database.  Cause: com.mysql.cj.jdbc.exceptions.CommunicationsException: Communications link failure&#10;&#10;The last packet successfully received from the server was 19,160 milliseconds ago. The last packet sent successfully to the server was 19,160 milliseconds ago.&#10;### The error may exist in com/leslie/mapper/CityMapper.java (best guess)&#10;### The error may involve com.leslie.mapper.CityMapper.insert-Inline&#10;### The error occurred while setting parameters&#10;### SQL: INSERT INTO L_city  ( city_name, province_id )  VALUES  ( ?, ? )&#10;### Cause: com.mysql.cj.jdbc.exceptions.CommunicationsException: Communications link failure&#10;&#10;The last packet successfully received from the server was 19,160 milliseconds ago. The last packet sent successfully to the server was 19,160 milliseconds ago.&#10;; Communications link failure&#10;&#10;The last packet successfully received from the server was 19,160 milliseconds ago. The last packet sent successfully to the server was 19,160 milliseconds ago.; nested exception is com.mysql.cj.jdbc.exceptions.CommunicationsException: Communications link failure&#10;&#10;The last packet successfully received from the server was 19,160 milliseconds ago. The last packet sent successfully to the server was 19,160 milliseconds ago." type="org.springframework.dao.RecoverableDataAccessException">org.springframework.dao.RecoverableDataAccessException: 

### Error updating database.  Cause: com.mysql.cj.jdbc.exceptions.CommunicationsException: Communications link failure

The last packet successfully received from the server was 19,160 milliseconds ago. The last packet sent successfully to the server was 19,160 milliseconds ago.
### The error may exist in com/leslie/mapper/CityMapper.java (best guess)
### The error may involve com.leslie.mapper.CityMapper.insert-Inline
### The error occurred while setting parameters
### SQL: INSERT INTO L_city  ( city_name, province_id )  VALUES  ( ?, ? )
### Cause: com.mysql.cj.jdbc.exceptions.CommunicationsException: Communications link failure

The last packet successfully received from the server was 19,160 milliseconds ago. The last packet sent successfully to the server was 19,160 milliseconds ago.
; Communications link failure

The last packet successfully received from the server was 19,160 milliseconds ago. The last packet sent successfully to the server was 19,160 milliseconds ago.; nested exception is com.mysql.cj.jdbc.exceptions.CommunicationsException: Communications link failure

The last packet successfully received from the server was 19,160 milliseconds ago. The last packet sent successfully to the server was 19,160 milliseconds ago.
	at com.leslie.StudentsMapperTest.lambda$null$0(StudentsMapperTest.java:74)
	at com.leslie.StudentsMapperTest.lambda$test2$1(StudentsMapperTest.java:72)
	at com.leslie.StudentsMapperTest.test2(StudentsMapperTest.java:67)
Caused by: com.mysql.cj.jdbc.exceptions.CommunicationsException: 
Communications link failure

The last packet successfully received from the server was 19,160 milliseconds ago. The last packet sent successfully to the server was 19,160 milliseconds ago.
	at com.leslie.StudentsMapperTest.lambda$null$0(StudentsMapperTest.java:74)
	at com.leslie.StudentsMapperTest.lambda$test2$1(StudentsMapperTest.java:72)
	at com.leslie.StudentsMapperTest.test2(StudentsMapperTest.java:67)
Caused by: com.mysql.cj.exceptions.CJCommunicationsException: 
Communications link failure

The last packet successfully received from the server was 19,160 milliseconds ago. The last packet sent successfully to the server was 19,160 milliseconds ago.
	at com.leslie.StudentsMapperTest.lambda$null$0(StudentsMapperTest.java:74)
	at com.leslie.StudentsMapperTest.lambda$test2$1(StudentsMapperTest.java:72)
	at com.leslie.StudentsMapperTest.test2(StudentsMapperTest.java:67)
Caused by: java.net.SocketTimeoutException: Read timed out
	at com.leslie.StudentsMapperTest.lambda$null$0(StudentsMapperTest.java:74)
	at com.leslie.StudentsMapperTest.lambda$test2$1(StudentsMapperTest.java:72)
	at com.leslie.StudentsMapperTest.test2(StudentsMapperTest.java:67)
</error>
    <system-out><![CDATA[2021-02-05 13:21:13.128  INFO 19220 --- [           main] com.leslie.utils.RemoteUtils             : execute get request url:https://ncovdata.market.alicloudapi.com/ncov/cityDiseaseInfoWithTrend
[{"totalCured":63637,"totalDeath":4512,"totalIncrease":0,"cityArray":[{"totalCured":46471,"totalDeath":3869,"totalIncrease":0,"childStatistic":"武汉","totalDoubtful":0,"totalConfirmed":50340},{"totalCured":3389,"totalDeath":129,"totalIncrease":0,"childStatistic":"孝感","totalDoubtful":0,"totalConfirmed":3518},{"totalCured":2782,"totalDeath":125,"totalIncrease":0,"childStatistic":"黄冈","totalDoubtful":0,"totalConfirmed":2907},{"totalCured":1528,"totalDeath":52,"totalIncrease":0,"childStatistic":"荆州","totalDoubtful":0,"totalConfirmed":1580},{"totalCured":1335,"totalDeath":59,"totalIncrease":0,"childStatistic":"鄂州","totalDoubtful":0,"totalConfirmed":1394},{"totalCured":1262,"totalDeath":45,"totalIncrease":0,"childStatistic":"随州","totalDoubtful":0,"totalConfirmed":1307},{"totalCured":1135,"totalDeath":40,"totalIncrease":0,"childStatistic":"襄阳","totalDoubtful":0,"totalConfirmed":1175},{"totalCured":976,"totalDeath":39,"totalIncrease":0,"childStatistic":"黄石","totalDoubtful":0,"totalConfirmed":1015},{"totalCured":894,"totalDeath":37,"totalIncrease":0,"childStatistic":"宜昌","totalDoubtful":0,"totalConfirmed":931},{"totalCured":887,"totalDeath":41,"totalIncrease":0,"childStatistic":"荆门","totalDoubtful":0,"totalConfirmed":928},{"totalCured":821,"totalDeath":15,"totalIncrease":0,"childStatistic":"咸宁","totalDoubtful":0,"totalConfirmed":836},{"totalCured":664,"totalDeath":8,"totalIncrease":0,"childStatistic":"十堰","totalDoubtful":0,"totalConfirmed":672},{"totalCured":553,"totalDeath":22,"totalIncrease":0,"childStatistic":"仙桃","totalDoubtful":0,"totalConfirmed":575},{"totalCured":481,"totalDeath":15,"totalIncrease":0,"childStatistic":"天门","totalDoubtful":0,"totalConfirmed":496},{"totalCured":245,"totalDeath":7,"totalIncrease":0,"childStatistic":"恩施","totalDoubtful":0,"totalConfirmed":252},{"totalCured":189,"totalDeath":9,"totalIncrease":0,"childStatistic":"潜江","totalDoubtful":0,"totalConfirmed":198},{"totalCured":14,"totalDeath":0,"totalIncrease":0,"childStatistic":"境外输入","totalDoubtful":0,"totalConfirmed":15},{"totalCured":11,"totalDeath":0,"totalIncrease":0,"childStatistic":"神农架林区","totalDoubtful":0,"totalConfirmed":11}],"childStatistic":"湖北省","totalDoubtful":0,"totalConfirmed":68150},{"totalCured":9684,"totalDeath":186,"totalIncrease":0,"cityArray":[{"totalCured":9684,"totalDeath":186,"totalIncrease":0,"childStatistic":"中国香港","totalDoubtful":0,"totalConfirmed":10552}],"childStatistic":"中国香港","totalDoubtful":0,"totalConfirmed":10552},{"totalCured":2081,"totalDeath":8,"totalIncrease":0,"cityArray":[{"totalCured":944,"totalDeath":1,"totalIncrease":0,"childStatistic":"广州","totalDoubtful":0,"totalConfirmed":974},{"totalCured":483,"totalDeath":3,"totalIncrease":0,"childStatistic":"深圳","totalDoubtful":0,"totalConfirmed":488},{"totalCured":107,"totalDeath":0,"totalIncrease":0,"childStatistic":"佛山","totalDoubtful":0,"totalConfirmed":116},{"totalCured":111,"totalDeath":1,"totalIncrease":0,"childStatistic":"珠海","totalDoubtful":0,"totalConfirmed":112},{"totalCured":100,"totalDeath":1,"totalIncrease":0,"childStatistic":"东莞","totalDoubtful":0,"totalConfirmed":101},{"totalCured":69,"totalDeath":0,"totalIncrease":0,"childStatistic":"中山","totalDoubtful":0,"totalConfirmed":69},{"totalCured":63,"totalDeath":0,"totalIncrease":0,"childStatistic":"惠州","totalDoubtful":0,"totalConfirmed":63},{"totalCured":30,"totalDeath":0,"totalIncrease":0,"childStatistic":"湛江","totalDoubtful":0,"totalConfirmed":30},{"totalCured":25,"totalDeath":0,"totalIncrease":0,"childStatistic":"江门","totalDoubtful":0,"totalConfirmed":28},{"totalCured":26,"totalDeath":0,"totalIncrease":0,"childStatistic":"汕头","totalDoubtful":0,"totalConfirmed":26},{"totalCured":19,"totalDeath":1,"totalIncrease":0,"childStatistic":"肇庆","totalDoubtful":0,"totalConfirmed":25},{"totalCured":17,"totalDeath":0,"totalIncrease":0,"childStatistic":"茂名","totalDoubtful":0,"totalConfirmed":17},{"totalCured":17,"totalDeath":0,"totalIncrease":0,"childStatistic":"梅州","totalDoubtful":0,"totalConfirmed":17},{"totalCured":16,"totalDeath":0,"totalIncrease":0,"childStatistic":"阳江","totalDoubtful":0,"totalConfirmed":16},{"totalCured":13,"totalDeath":0,"totalIncrease":0,"childStatistic":"清远","totalDoubtful":0,"totalConfirmed":13},{"totalCured":11,"totalDeath":0,"totalIncrease":0,"childStatistic":"揭阳","totalDoubtful":0,"totalConfirmed":11},{"totalCured":9,"totalDeath":1,"totalIncrease":0,"childStatistic":"韶关","totalDoubtful":0,"totalConfirmed":10},{"totalCured":7,"totalDeath":0,"totalIncrease":0,"childStatistic":"潮州","totalDoubtful":0,"totalConfirmed":7},{"totalCured":6,"totalDeath":0,"totalIncrease":0,"childStatistic":"汕尾","totalDoubtful":0,"totalConfirmed":6},{"totalCured":5,"totalDeath":0,"totalIncrease":0,"childStatistic":"河源","totalDoubtful":0,"totalConfirmed":5},{"totalCured":3,"totalDeath":0,"totalIncrease":0,"childStatistic":"待确认地区","totalDoubtful":0,"totalConfirmed":0}],"childStatistic":"广东省","totalDoubtful":0,"totalConfirmed":2134},{"totalCured":1590,"totalDeath":7,"totalIncrease":0,"cityArray":[{"totalCured":1248,"totalDeath":0,"totalIncrease":0,"childStatistic":"境外输入","totalDoubtful":0,"totalConfirmed":1353},{"totalCured":112,"totalDeath":1,"totalIncrease":0,"childStatistic":"外地来沪人员","totalDoubtful":0,"totalConfirmed":113},{"totalCured":68,"totalDeath":0,"totalIncrease":0,"childStatistic":"浦东新区","totalDoubtful":0,"totalConfirmed":69},{"totalCured":21,"totalDeath":1,"totalIncrease":0,"childStatistic":"宝山区","totalDoubtful":0,"totalConfirmed":26},{"totalCured":5,"totalDeath":1,"totalIncrease":0,"childStatistic":"黄浦区","totalDoubtful":0,"totalConfirmed":22},{"totalCured":19,"totalDeath":0,"totalIncrease":0,"childStatistic":"闵行区","totalDoubtful":0,"totalConfirmed":19},{"totalCured":17,"totalDeath":1,"totalIncrease":0,"childStatistic":"徐汇区","totalDoubtful":0,"totalConfirmed":18},{"totalCured":15,"totalDeath":1,"totalIncrease":0,"childStatistic":"静安区","totalDoubtful":0,"totalConfirmed":16},{"totalCured":13,"totalDeath":0,"totalIncrease":0,"childStatistic":"长宁区","totalDoubtful":0,"totalConfirmed":14},{"totalCured":14,"totalDeath":0,"totalIncrease":0,"childStatistic":"松江区","totalDoubtful":0,"totalConfirmed":14},{"totalCured":11,"totalDeath":0,"totalIncrease":0,"childStatistic":"普陀区","totalDoubtful":0,"totalConfirmed":11},{"totalCured":7,"totalDeath":2,"totalIncrease":0,"childStatistic":"嘉定区","totalDoubtful":0,"totalConfirmed":9},{"totalCured":9,"totalDeath":0,"totalIncrease":0,"childStatistic":"奉贤区","totalDoubtful":0,"totalConfirmed":9},{"totalCured":9,"totalDeath":0,"totalIncrease":0,"childStatistic":"杨浦区","totalDoubtful":0,"totalConfirmed":9},{"totalCured":7,"totalDeath":0,"totalIncrease":0,"childStatistic":"虹口区","totalDoubtful":0,"totalConfirmed":7},{"totalCured":6,"totalDeath":0,"totalIncrease":0,"childStatistic":"青浦区","totalDoubtful":0,"totalConfirmed":6},{"totalCured":4,"totalDeath":0,"totalIncrease":0,"childStatistic":"金山区","totalDoubtful":0,"totalConfirmed":4},{"totalCured":4,"totalDeath":0,"totalIncrease":0,"childStatistic":"崇明区","totalDoubtful":0,"totalConfirmed":4},{"totalCured":1,"totalDeath":0,"totalIncrease":0,"childStatistic":"境外来沪人员","totalDoubtful":0,"totalConfirmed":1}],"childStatistic":"上海市","totalDoubtful":0,"totalConfirmed":1724},{"totalCured":1152,"totalDeath":13,"totalIncrease":0,"cityArray":[{"totalCured":175,"totalDeath":4,"totalIncrease":0,"childStatistic":"绥化","totalDoubtful":0,"totalConfirmed":533},{"totalCured":262,"totalDeath":4,"totalIncrease":0,"childStatistic":"哈尔滨","totalDoubtful":0,"totalConfirmed":410},{"totalCured":389,"totalDeath":0,"totalIncrease":0,"childStatistic":"境外输入","totalDoubtful":0,"totalConfirmed":389},{"totalCured":49,"totalDeath":3,"totalIncrease":0,"childStatistic":"双鸭山","totalDoubtful":0,"totalConfirmed":52},{"totalCured":46,"totalDeath":0,"totalIncrease":0,"childStatistic":"鸡西","totalDoubtful":0,"totalConfirmed":46},{"totalCured":42,"totalDeath":1,"totalIncrease":0,"childStatistic":"齐齐哈尔","totalDoubtful":0,"totalConfirmed":44},{"totalCured":38,"totalDeath":0,"totalIncrease":0,"childStatistic":"牡丹江","totalDoubtful":0,"totalConfirmed":38},{"totalCured":26,"totalDeath":1,"totalIncrease":0,"childStatistic":"大庆","totalDoubtful":0,"totalConfirmed":29},{"totalCured":24,"totalDeath":0,"totalIncrease":0,"childStatistic":"黑河","totalDoubtful":0,"totalConfirmed":24},{"totalCured":17,"totalDeath":0,"totalIncrease":0,"childStatistic":"七台河","totalDoubtful":0,"totalConfirmed":17},{"totalCured":15,"totalDeath":0,"totalIncrease":0,"childStatistic":"佳木斯","totalDoubtful":0,"totalConfirmed":15},{"totalCured":5,"totalDeath":0,"totalIncrease":0,"childStatistic":"鹤岗","totalDoubtful":0,"totalConfirmed":5},{"totalCured":3,"totalDeath":0,"totalIncrease":0,"childStatistic":"大兴安岭","totalDoubtful":0,"totalConfirmed":3},{"totalCured":1,"totalDeath":0,"totalIncrease":0,"childStatistic":"伊春","totalDoubtful":0,"totalConfirmed":1},{"totalCured":60,"totalDeath":0,"totalIncrease":0,"childStatistic":"待确认地区","totalDoubtful":0,"totalConfirmed":0}],"childStatistic":"黑龙江省","totalDoubtful":0,"totalConfirmed":1606},{"totalCured":1117,"totalDeath":7,"totalIncrease":0,"cityArray":[{"totalCured":682,"totalDeath":1,"totalIncrease":0,"childStatistic":"石家庄","totalDoubtful":0,"totalConfirmed":897},{"totalCured":70,"totalDeath":1,"totalIncrease":0,"childStatistic":"邢台","totalDoubtful":0,"totalConfirmed":94},{"totalCured":57,"totalDeath":1,"totalIncrease":0,"childStatistic":"唐山","totalDoubtful":0,"totalConfirmed":58},{"totalCured":48,"totalDeath":0,"totalIncrease":0,"childStatistic":"保定","totalDoubtful":0,"totalConfirmed":49},{"totalCured":46,"totalDeath":3,"totalIncrease":0,"childStatistic":"沧州","totalDoubtful":0,"totalConfirmed":49},{"totalCured":43,"totalDeath":0,"totalIncrease":0,"childStatistic":"张家口","totalDoubtful":0,"totalConfirmed":43},{"totalCured":36,"totalDeath":0,"totalIncrease":0,"childStatistic":"境外输入","totalDoubtful":0,"totalConfirmed":36},{"totalCured":32,"totalDeath":0,"totalIncrease":0,"childStatistic":"廊坊","totalDoubtful":0,"totalConfirmed":33},{"totalCured":32,"totalDeath":0,"totalIncrease":0,"childStatistic":"邯郸","totalDoubtful":0,"totalConfirmed":32},{"totalCured":9,"totalDeath":1,"totalIncrease":0,"childStatistic":"秦皇岛","totalDoubtful":0,"totalConfirmed":10},{"totalCured":8,"totalDeath":0,"totalIncrease":0,"childStatistic":"衡水","totalDoubtful":0,"totalConfirmed":8},{"totalCured":7,"totalDeath":0,"totalIncrease":0,"childStatistic":"承德","totalDoubtful":0,"totalConfirmed":7},{"totalCured":47,"totalDeath":0,"totalIncrease":0,"childStatistic":"待确认地区","totalDoubtful":0,"totalConfirmed":0}],"childStatistic":"河北省","totalDoubtful":0,"totalConfirmed":1316},{"totalCured":1305,"totalDeath":1,"totalIncrease":0,"cityArray":[{"totalCured":503,"totalDeath":1,"totalIncrease":0,"childStatistic":"温州","totalDoubtful":0,"totalConfirmed":504},{"totalCured":181,"totalDeath":0,"totalIncrease":0,"childStatistic":"杭州","totalDoubtful":0,"totalConfirmed":181},{"totalCured":157,"totalDeath":0,"totalIncrease":0,"childStatistic":"宁波","totalDoubtful":0,"totalConfirmed":157},{"totalCured":147,"totalDeath":0,"totalIncrease":0,"childStatistic":"台州","totalDoubtful":0,"totalConfirmed":147},{"totalCured":87,"totalDeath":0,"totalIncrease":0,"childStatistic":"境外输入","totalDoubtful":0,"totalConfirmed":97},{"totalCured":55,"totalDeath":0,"totalIncrease":0,"childStatistic":"金华","totalDoubtful":0,"totalConfirmed":55},{"totalCured":46,"totalDeath":0,"totalIncrease":0,"childStatistic":"嘉兴","totalDoubtful":0,"totalConfirmed":46},{"totalCured":42,"totalDeath":0,"totalIncrease":0,"childStatistic":"绍兴","totalDoubtful":0,"totalConfirmed":42},{"totalCured":36,"totalDeath":0,"totalIncrease":0,"childStatistic":"省十里丰监狱","totalDoubtful":0,"totalConfirmed":36},{"totalCured":17,"totalDeath":0,"totalIncrease":0,"childStatistic":"丽水","totalDoubtful":0,"totalConfirmed":17},{"totalCured":14,"totalDeath":0,"totalIncrease":0,"childStatistic":"衢州","totalDoubtful":0,"totalConfirmed":14},{"totalCured":10,"totalDeath":0,"totalIncrease":0,"childStatistic":"湖州","totalDoubtful":0,"totalConfirmed":10},{"totalCured":10,"totalDeath":0,"totalIncrease":0,"childStatistic":"舟山","totalDoubtful":0,"totalConfirmed":10}],"childStatistic":"浙江省","totalDoubtful":0,"totalConfirmed":1316},{"totalCured":1280,"totalDeath":22,"totalIncrease":0,"cityArray":[{"totalCured":272,"totalDeath":2,"totalIncrease":0,"childStatistic":"信阳","totalDoubtful":0,"totalConfirmed":274},{"totalCured":152,"totalDeath":5,"totalIncrease":0,"childStatistic":"郑州","totalDoubtful":0,"totalConfirmed":157},{"totalCured":153,"totalDeath":3,"totalIncrease":0,"childStatistic":"南阳","totalDoubtful":0,"totalConfirmed":156},{"totalCured":139,"totalDeath":0,"totalIncrease":0,"childStatistic":"驻马店","totalDoubtful":0,"totalConfirmed":139},{"totalCured":88,"totalDeath":3,"totalIncrease":0,"childStatistic":"商丘","totalDoubtful":0,"totalConfirmed":91},{"totalCured":75,"totalDeath":1,"totalIncrease":0,"childStatistic":"周口","totalDoubtful":0,"totalConfirmed":76},{"totalCured":57,"totalDeath":1,"totalIncrease":0,"childStatistic":"平顶山","totalDoubtful":0,"totalConfirmed":58},{"totalCured":54,"totalDeath":3,"totalIncrease":0,"childStatistic":"新乡","totalDoubtful":0,"totalConfirmed":57},{"totalCured":53,"totalDeath":0,"totalIncrease":0,"childStatistic":"安阳","totalDoubtful":0,"totalConfirmed":53},{"totalCured":38,"totalDeath":1,"totalIncrease":0,"childStatistic":"许昌","totalDoubtful":0,"totalConfirmed":39},{"totalCured":36,"totalDeath":0,"totalIncrease":0,"childStatistic":"漯河","totalDoubtful":0,"totalConfirmed":36},{"totalCured":31,"totalDeath":1,"totalIncrease":0,"childStatistic":"焦作","totalDoubtful":0,"totalConfirmed":32},{"totalCured":30,"totalDeath":1,"totalIncrease":0,"childStatistic":"洛阳","totalDoubtful":0,"totalConfirmed":31},{"totalCured":29,"totalDeath":0,"totalIncrease":0,"childStatistic":"境外输入","totalDoubtful":0,"totalConfirmed":30},{"totalCured":26,"totalDeath":0,"totalIncrease":0,"childStatistic":"开封","totalDoubtful":0,"totalConfirmed":26},{"totalCured":19,"totalDeath":0,"totalIncrease":0,"childStatistic":"鹤壁","totalDoubtful":0,"totalConfirmed":19},{"totalCured":17,"totalDeath":0,"totalIncrease":0,"childStatistic":"濮阳","totalDoubtful":0,"totalConfirmed":17},{"totalCured":6,"totalDeath":1,"totalIncrease":0,"childStatistic":"三门峡","totalDoubtful":0,"totalConfirmed":7},{"totalCured":5,"totalDeath":0,"totalIncrease":0,"childStatistic":"济源示范区","totalDoubtful":0,"totalConfirmed":5}],"childStatistic":"河南省","totalDoubtful":0,"totalConfirmed":1303},{"totalCured":980,"totalDeath":9,"totalIncrease":0,"cityArray":[{"totalCured":3,"totalDeath":0,"totalIncrease":0,"childStatistic":"丰台区","totalDoubtful":0,"totalConfirmed":273},{"totalCured":189,"totalDeath":0,"totalIncrease":0,"childStatistic":"境外输入","totalDoubtful":0,"totalConfirmed":217},{"totalCured":16,"totalDeath":0,"totalIncrease":0,"childStatistic":"大兴区","totalDoubtful":0,"totalConfirmed":134},{"totalCured":0,"totalDeath":0,"totalIncrease":0,"childStatistic":"海淀区","totalDoubtful":0,"totalConfirmed":82},{"totalCured":2,"totalDeath":0,"totalIncrease":0,"childStatistic":"朝阳区","totalDoubtful":0,"totalConfirmed":78},{"totalCured":1,"totalDeath":0,"totalIncrease":0,"childStatistic":"西城区","totalDoubtful":0,"totalConfirmed":59},{"totalCured":10,"totalDeath":0,"totalIncrease":0,"childStatistic":"顺义区","totalDoubtful":0,"totalConfirmed":45},{"totalCured":6,"totalDeath":0,"totalIncrease":0,"childStatistic":"昌平区","totalDoubtful":0,"totalConfirmed":30},{"totalCured":2,"totalDeath":0,"totalIncrease":0,"childStatistic":"来京人士","totalDoubtful":0,"totalConfirmed":25},{"totalCured":0,"totalDeath":0,"totalIncrease":0,"childStatistic":"通州区","totalDoubtful":0,"totalConfirmed":20},{"totalCured":0,"totalDeath":0,"totalIncrease":0,"childStatistic":"房山区","totalDoubtful":0,"totalConfirmed":20},{"totalCured":1,"totalDeath":0,"totalIncrease":0,"childStatistic":"东城区","totalDoubtful":0,"totalConfirmed":19},{"totalCured":0,"totalDeath":0,"totalIncrease":0,"childStatistic":"石景山区","totalDoubtful":0,"totalConfirmed":15},{"totalCured":0,"totalDeath":0,"totalIncrease":0,"childStatistic":"怀柔区","totalDoubtful":0,"totalConfirmed":8},{"totalCured":0,"totalDeath":0,"totalIncrease":0,"childStatistic":"密云区","totalDoubtful":0,"totalConfirmed":7},{"totalCured":750,"totalDeath":9,"totalIncrease":0,"childStatistic":"待确认地区","totalDoubtful":0,"totalConfirmed":6},{"totalCured":0,"totalDeath":0,"totalIncrease":0,"childStatistic":"门头沟区","totalDoubtful":0,"totalConfirmed":5},{"totalCured":0,"totalDeath":0,"totalIncrease":0,"childStatistic":"延庆区","totalDoubtful":0,"totalConfirmed":1}],"childStatistic":"北京市","totalDoubtful":0,"totalConfirmed":1044},{"totalCured":1018,"totalDeath":4,"totalIncrease":0,"cityArray":[{"totalCured":240,"totalDeath":2,"totalIncrease":0,"childStatistic":"长沙","totalDoubtful":0,"totalConfirmed":242},{"totalCured":155,"totalDeath":1,"totalIncrease":0,"childStatistic":"岳阳","totalDoubtful":0,"totalConfirmed":156},{"totalCured":101,"totalDeath":1,"totalIncrease":0,"childStatistic":"邵阳","totalDoubtful":0,"totalConfirmed":102},{"totalCured":82,"totalDeath":0,"totalIncrease":0,"childStatistic":"常德","totalDoubtful":0,"totalConfirmed":82},{"totalCured":80,"totalDeath":0,"totalIncrease":0,"childStatistic":"株洲","totalDoubtful":0,"totalConfirmed":80},{"totalCured":76,"totalDeath":0,"totalIncrease":0,"childStatistic":"娄底","totalDoubtful":0,"totalConfirmed":76},{"totalCured":60,"totalDeath":0,"totalIncrease":0,"childStatistic":"益阳","totalDoubtful":0,"totalConfirmed":60},{"totalCured":48,"totalDeath":0,"totalIncrease":0,"childStatistic":"衡阳","totalDoubtful":0,"totalConfirmed":48},{"totalCured":44,"totalDeath":0,"totalIncrease":0,"childStatistic":"永州","totalDoubtful":0,"totalConfirmed":44},{"totalCured":40,"totalDeath":0,"totalIncrease":0,"childStatistic":"怀化","totalDoubtful":0,"totalConfirmed":40},{"totalCured":39,"totalDeath":0,"totalIncrease":0,"childStatistic":"郴州","totalDoubtful":0,"totalConfirmed":39},{"totalCured":36,"totalDeath":0,"totalIncrease":0,"childStatistic":"湘潭","totalDoubtful":0,"totalConfirmed":36},{"totalCured":4,"totalDeath":0,"totalIncrease":0,"childStatistic":"境外输入","totalDoubtful":0,"totalConfirmed":14},{"totalCured":8,"totalDeath":0,"totalIncrease":0,"childStatistic":"湘西自治州","totalDoubtful":0,"totalConfirmed":8},{"totalCured":5,"totalDeath":0,"totalIncrease":0,"childStatistic":"张家界","totalDoubtful":0,"totalConfirmed":5}],"childStatistic":"湖南省","totalDoubtful":0,"totalConfirmed":1032},{"totalCured":988,"totalDeath":6,"totalIncrease":0,"cityArray":[{"totalCured":173,"totalDeath":1,"totalIncrease":0,"childStatistic":"合肥","totalDoubtful":0,"totalConfirmed":174},{"totalCured":155,"totalDeath":5,"totalIncrease":0,"childStatistic":"蚌埠","totalDoubtful":0,"totalConfirmed":160},{"totalCured":156,"totalDeath":0,"totalIncrease":0,"childStatistic":"阜阳","totalDoubtful":0,"totalConfirmed":156},{"totalCured":108,"totalDeath":0,"totalIncrease":0,"childStatistic":"亳州","totalDoubtful":0,"totalConfirmed":108},{"totalCured":83,"totalDeath":0,"totalIncrease":0,"childStatistic":"安庆","totalDoubtful":0,"totalConfirmed":83},{"totalCured":69,"totalDeath":0,"totalIncrease":0,"childStatistic":"六安","totalDoubtful":0,"totalConfirmed":69},{"totalCured":41,"totalDeath":0,"totalIncrease":0,"childStatistic":"宿州","totalDoubtful":0,"totalConfirmed":41},{"totalCured":38,"totalDeath":0,"totalIncrease":0,"childStatistic":"马鞍山","totalDoubtful":0,"totalConfirmed":38},{"totalCured":34,"totalDeath":0,"totalIncrease":0,"childStatistic":"芜湖","totalDoubtful":0,"totalConfirmed":34},{"totalCured":29,"totalDeath":0,"totalIncrease":0,"childStatistic":"铜陵","totalDoubtful":0,"totalConfirmed":29},{"totalCured":27,"totalDeath":0,"totalIncrease":0,"childStatistic":"淮南","totalDoubtful":0,"totalConfirmed":27},{"totalCured":27,"totalDeath":0,"totalIncrease":0,"childStatistic":"淮北","totalDoubtful":0,"totalConfirmed":27},{"totalCured":17,"totalDeath":0,"totalIncrease":0,"childStatistic":"池州","totalDoubtful":0,"totalConfirmed":17},{"totalCured":13,"totalDeath":0,"totalIncrease":0,"childStatistic":"滁州","totalDoubtful":0,"totalConfirmed":13},{"totalCured":9,"totalDeath":0,"totalIncrease":0,"childStatistic":"黄山","totalDoubtful":0,"totalConfirmed":9},{"totalCured":6,"totalDeath":0,"totalIncrease":0,"childStatistic":"宣城","totalDoubtful":0,"totalConfirmed":6},{"totalCured":3,"totalDeath":0,"totalIncrease":0,"childStatistic":"境外输入","totalDoubtful":0,"totalConfirmed":3}],"childStatistic":"安徽省","totalDoubtful":0,"totalConfirmed":994},{"totalCured":977,"totalDeath":3,"totalIncrease":0,"cityArray":[{"totalCured":845,"totalDeath":0,"totalIncrease":0,"childStatistic":"乌鲁木齐","totalDoubtful":0,"totalConfirmed":845},{"totalCured":80,"totalDeath":0,"totalIncrease":0,"childStatistic":"喀什地区","totalDoubtful":0,"totalConfirmed":80},{"totalCured":18,"totalDeath":0,"totalIncrease":0,"childStatistic":"伊犁州","totalDoubtful":0,"totalConfirmed":18},{"totalCured":9,"totalDeath":1,"totalIncrease":0,"childStatistic":"兵团第四师","totalDoubtful":0,"totalConfirmed":10},{"totalCured":5,"totalDeath":0,"totalIncrease":0,"childStatistic":"昌吉州","totalDoubtful":0,"totalConfirmed":5},{"totalCured":3,"totalDeath":1,"totalIncrease":0,"childStatistic":"兵团第九师","totalDoubtful":0,"totalConfirmed":4},{"totalCured":3,"totalDeath":1,"totalIncrease":0,"childStatistic":"兵团第八师石河子","totalDoubtful":0,"totalConfirmed":4},{"totalCured":3,"totalDeath":0,"totalIncrease":0,"childStatistic":"吐鲁番","totalDoubtful":0,"totalConfirmed":3},{"totalCured":3,"totalDeath":0,"totalIncrease":0,"childStatistic":"巴州","totalDoubtful":0,"totalConfirmed":3},{"totalCured":3,"totalDeath":0,"totalIncrease":0,"childStatistic":"兵团第十二师","totalDoubtful":0,"totalConfirmed":3},{"totalCured":2,"totalDeath":0,"totalIncrease":0,"childStatistic":"兵团第六师五家渠","totalDoubtful":0,"totalConfirmed":2},{"totalCured":1,"totalDeath":0,"totalIncrease":0,"childStatistic":"待确认地区","totalDoubtful":0,"totalConfirmed":1},{"totalCured":1,"totalDeath":0,"totalIncrease":0,"childStatistic":"兵团第七师","totalDoubtful":0,"totalConfirmed":1},{"totalCured":1,"totalDeath":0,"totalIncrease":0,"childStatistic":"阿克苏地区","totalDoubtful":0,"totalConfirmed":1}],"childStatistic":"新疆维吾尔自治区","totalDoubtful":0,"totalConfirmed":980},{"totalCured":934,"totalDeath":1,"totalIncrease":0,"cityArray":[{"totalCured":230,"totalDeath":0,"totalIncrease":0,"childStatistic":"南昌","totalDoubtful":0,"totalConfirmed":230},{"totalCured":129,"totalDeath":0,"totalIncrease":0,"childStatistic":"新余","totalDoubtful":0,"totalConfirmed":129},{"totalCured":123,"totalDeath":0,"totalIncrease":0,"childStatistic":"上饶","totalDoubtful":0,"totalConfirmed":123},{"totalCured":116,"totalDeath":0,"totalIncrease":0,"childStatistic":"九江","totalDoubtful":0,"totalConfirmed":116},{"totalCured":106,"totalDeath":0,"totalIncrease":0,"childStatistic":"宜春","totalDoubtful":0,"totalConfirmed":106},{"totalCured":73,"totalDeath":1,"totalIncrease":0,"childStatistic":"赣州","totalDoubtful":0,"totalConfirmed":74},{"totalCured":72,"totalDeath":0,"totalIncrease":0,"childStatistic":"抚州","totalDoubtful":0,"totalConfirmed":72},{"totalCured":33,"totalDeath":0,"totalIncrease":0,"childStatistic":"萍乡","totalDoubtful":0,"totalConfirmed":33},{"totalCured":22,"totalDeath":0,"totalIncrease":0,"childStatistic":"吉安","totalDoubtful":0,"totalConfirmed":22},{"totalCured":18,"totalDeath":0,"totalIncrease":0,"childStatistic":"鹰潭","totalDoubtful":0,"totalConfirmed":18},{"totalCured":6,"totalDeath":0,"totalIncrease":0,"childStatistic":"景德镇","totalDoubtful":0,"totalConfirmed":6},{"totalCured":5,"totalDeath":0,"totalIncrease":0,"childStatistic":"境外输入","totalDoubtful":0,"totalConfirmed":5},{"totalCured":1,"totalDeath":0,"totalIncrease":0,"childStatistic":"赣江新区","totalDoubtful":0,"totalConfirmed":1}],"childStatistic":"江西省","totalDoubtful":0,"totalConfirmed":935},{"totalCured":839,"totalDeath":9,"totalIncrease":0,"cityArray":[{"totalCured":839,"totalDeath":9,"totalIncrease":0,"childStatistic":"中国台湾","totalDoubtful":0,"totalConfirmed":919}],"childStatistic":"中国台湾","totalDoubtful":0,"totalConfirmed":919},{"totalCured":857,"totalDeath":3,"totalIncrease":0,"cityArray":[{"totalCured":460,"totalDeath":3,"totalIncrease":0,"childStatistic":"成都","totalDoubtful":0,"totalConfirmed":476},{"totalCured":78,"totalDeath":0,"totalIncrease":0,"childStatistic":"甘孜州","totalDoubtful":0,"totalConfirmed":78},{"totalCured":42,"totalDeath":0,"totalIncrease":0,"childStatistic":"达州","totalDoubtful":0,"totalConfirmed":42},{"totalCured":39,"totalDeath":0,"totalIncrease":0,"childStatistic":"南充","totalDoubtful":0,"totalConfirmed":39},{"totalCured":30,"totalDeath":0,"totalIncrease":0,"childStatistic":"广安","totalDoubtful":0,"totalConfirmed":30},{"totalCured":24,"totalDeath":0,"totalIncrease":0,"childStatistic":"巴中","totalDoubtful":0,"totalConfirmed":24},{"totalCured":24,"totalDeath":0,"totalIncrease":0,"childStatistic":"泸州","totalDoubtful":0,"totalConfirmed":24},{"totalCured":22,"totalDeath":0,"totalIncrease":0,"childStatistic":"绵阳","totalDoubtful":0,"totalConfirmed":22},{"totalCured":22,"totalDeath":0,"totalIncrease":0,"childStatistic":"内江","totalDoubtful":0,"totalConfirmed":22},{"totalCured":18,"totalDeath":0,"totalIncrease":0,"childStatistic":"德阳","totalDoubtful":0,"totalConfirmed":18},{"totalCured":17,"totalDeath":0,"totalIncrease":0,"childStatistic":"遂宁","totalDoubtful":0,"totalConfirmed":17},{"totalCured":16,"totalDeath":0,"totalIncrease":0,"childStatistic":"攀枝花","totalDoubtful":0,"totalConfirmed":16},{"totalCured":14,"totalDeath":0,"totalIncrease":0,"childStatistic":"凉山州","totalDoubtful":0,"totalConfirmed":14},{"totalCured":12,"totalDeath":0,"totalIncrease":0,"childStatistic":"宜宾","totalDoubtful":0,"totalConfirmed":12},{"totalCured":9,"totalDeath":0,"totalIncrease":0,"childStatistic":"自贡","totalDoubtful":0,"totalConfirmed":9},{"totalCured":8,"totalDeath":0,"totalIncrease":0,"childStatistic":"雅安","totalDoubtful":0,"totalConfirmed":8},{"totalCured":8,"totalDeath":0,"totalIncrease":0,"childStatistic":"眉山","totalDoubtful":0,"totalConfirmed":8},{"totalCured":6,"totalDeath":0,"totalIncrease":0,"childStatistic":"广元","totalDoubtful":0,"totalConfirmed":6},{"totalCured":4,"totalDeath":0,"totalIncrease":0,"childStatistic":"资阳","totalDoubtful":0,"totalConfirmed":4},{"totalCured":3,"totalDeath":0,"totalIncrease":0,"childStatistic":"乐山","totalDoubtful":0,"totalConfirmed":3},{"totalCured":1,"totalDeath":0,"totalIncrease":0,"childStatistic":"阿坝州","totalDoubtful":0,"totalConfirmed":1}],"childStatistic":"四川省","totalDoubtful":0,"totalConfirmed":873},{"totalCured":857,"totalDeath":7,"totalIncrease":0,"cityArray":[{"totalCured":260,"totalDeath":0,"totalIncrease":0,"childStatistic":"济宁","totalDoubtful":0,"totalConfirmed":260},{"totalCured":87,"totalDeath":0,"totalIncrease":0,"childStatistic":"境外输入","totalDoubtful":0,"totalConfirmed":88},{"totalCured":78,"totalDeath":1,"totalIncrease":0,"childStatistic":"青岛","totalDoubtful":0,"totalConfirmed":80},{"totalCured":49,"totalDeath":0,"totalIncrease":0,"childStatistic":"临沂","totalDoubtful":0,"totalConfirmed":49},{"totalCured":47,"totalDeath":0,"totalIncrease":0,"childStatistic":"济南","totalDoubtful":0,"totalConfirmed":47},{"totalCured":47,"totalDeath":0,"totalIncrease":0,"childStatistic":"烟台","totalDoubtful":0,"totalConfirmed":47},{"totalCured":44,"totalDeath":0,"totalIncrease":0,"childStatistic":"潍坊","totalDoubtful":0,"totalConfirmed":44},{"totalCured":37,"totalDeath":1,"totalIncrease":0,"childStatistic":"威海","totalDoubtful":0,"totalConfirmed":38},{"totalCured":38,"totalDeath":0,"totalIncrease":0,"childStatistic":"聊城","totalDoubtful":0,"totalConfirmed":38},{"totalCured":35,"totalDeath":2,"totalIncrease":0,"childStatistic":"德州","totalDoubtful":0,"totalConfirmed":37},{"totalCured":33,"totalDeath":2,"totalIncrease":0,"childStatistic":"泰安","totalDoubtful":0,"totalConfirmed":35},{"totalCured":29,"totalDeath":1,"totalIncrease":0,"childStatistic":"淄博","totalDoubtful":0,"totalConfirmed":30},{"totalCured":24,"totalDeath":0,"totalIncrease":0,"childStatistic":"枣庄","totalDoubtful":0,"totalConfirmed":24},{"totalCured":18,"totalDeath":0,"totalIncrease":0,"childStatistic":"菏泽","totalDoubtful":0,"totalConfirmed":18},{"totalCured":16,"totalDeath":0,"totalIncrease":0,"childStatistic":"日照","totalDoubtful":0,"totalConfirmed":16},{"totalCured":15,"totalDeath":0,"totalIncrease":0,"childStatistic":"滨州","totalDoubtful":0,"totalConfirmed":15}],"childStatistic":"山东省","totalDoubtful":0,"totalConfirmed":866},{"totalCured":687,"totalDeath":0,"totalIncrease":0,"cityArray":[{"totalCured":93,"totalDeath":0,"totalIncrease":0,"childStatistic":"南京","totalDoubtful":0,"totalConfirmed":93},{"totalCured":87,"totalDeath":0,"totalIncrease":0,"childStatistic":"苏州","totalDoubtful":0,"totalConfirmed":87},{"totalCured":79,"totalDeath":0,"totalIncrease":0,"childStatistic":"徐州","totalDoubtful":0,"totalConfirmed":79},{"totalCured":56,"totalDeath":0,"totalIncrease":0,"childStatistic":"境外输入","totalDoubtful":0,"totalConfirmed":68},{"totalCured":66,"totalDeath":0,"totalIncrease":0,"childStatistic":"淮安","totalDoubtful":0,"totalConfirmed":66},{"totalCured":55,"totalDeath":0,"totalIncrease":0,"childStatistic":"无锡","totalDoubtful":0,"totalConfirmed":55},{"totalCured":51,"totalDeath":0,"totalIncrease":0,"childStatistic":"常州","totalDoubtful":0,"totalConfirmed":51},{"totalCured":48,"totalDeath":0,"totalIncrease":0,"childStatistic":"连云港","totalDoubtful":0,"totalConfirmed":48},{"totalCured":40,"totalDeath":0,"totalIncrease":0,"childStatistic":"南通","totalDoubtful":0,"totalConfirmed":40},{"totalCured":37,"totalDeath":0,"totalIncrease":0,"childStatistic":"泰州","totalDoubtful":0,"totalConfirmed":37},{"totalCured":27,"totalDeath":0,"totalIncrease":0,"childStatistic":"盐城","totalDoubtful":0,"totalConfirmed":27},{"totalCured":23,"totalDeath":0,"totalIncrease":0,"childStatistic":"扬州","totalDoubtful":0,"totalConfirmed":23},{"totalCured":13,"totalDeath":0,"totalIncrease":0,"childStatistic":"宿迁","totalDoubtful":0,"totalConfirmed":13},{"totalCured":12,"totalDeath":0,"totalIncrease":0,"childStatistic":"镇江","totalDoubtful":0,"totalConfirmed":12}],"childStatistic":"江苏省","totalDoubtful":0,"totalConfirmed":699},{"totalCured":585,"totalDeath":6,"totalIncrease":0,"cityArray":[{"totalCured":114,"totalDeath":4,"totalIncrease":0,"childStatistic":"万州区","totalDoubtful":0,"totalConfirmed":118},{"totalCured":28,"totalDeath":0,"totalIncrease":0,"childStatistic":"江北区","totalDoubtful":0,"totalConfirmed":28},{"totalCured":25,"totalDeath":0,"totalIncrease":0,"childStatistic":"云阳县","totalDoubtful":0,"totalConfirmed":25},{"totalCured":23,"totalDeath":0,"totalIncrease":0,"childStatistic":"綦江区","totalDoubtful":0,"totalConfirmed":23},{"totalCured":23,"totalDeath":0,"totalIncrease":0,"childStatistic":"合川区","totalDoubtful":0,"totalConfirmed":23},{"totalCured":22,"totalDeath":0,"totalIncrease":0,"childStatistic":"长寿区","totalDoubtful":0,"totalConfirmed":22},{"totalCured":22,"totalDeath":0,"totalIncrease":0,"childStatistic":"奉节县","totalDoubtful":0,"totalConfirmed":22},{"totalCured":20,"totalDeath":1,"totalIncrease":0,"childStatistic":"九龙坡区","totalDoubtful":0,"totalConfirmed":21},{"totalCured":21,"totalDeath":0,"totalIncrease":0,"childStatistic":"忠县","totalDoubtful":0,"totalConfirmed":21},{"totalCured":20,"totalDeath":1,"totalIncrease":0,"childStatistic":"开州区","totalDoubtful":0,"totalConfirmed":21},{"totalCured":20,"totalDeath":0,"totalIncrease":0,"childStatistic":"垫江县","totalDoubtful":0,"totalConfirmed":20},{"totalCured":20,"totalDeath":0,"totalIncrease":0,"childStatistic":"渝中区","totalDoubtful":0,"totalConfirmed":20},{"totalCured":18,"totalDeath":0,"totalIncrease":0,"childStatistic":"潼南区","totalDoubtful":0,"totalConfirmed":18},{"totalCured":17,"totalDeath":0,"totalIncrease":0,"childStatistic":"两江新区","totalDoubtful":0,"totalConfirmed":17},{"totalCured":17,"totalDeath":0,"totalIncrease":0,"childStatistic":"渝北区","totalDoubtful":0,"totalConfirmed":17},{"totalCured":15,"totalDeath":0,"totalIncrease":0,"childStatistic":"境外输入","totalDoubtful":0,"totalConfirmed":15},{"totalCured":15,"totalDeath":0,"totalIncrease":0,"childStatistic":"南岸区","totalDoubtful":0,"totalConfirmed":15},{"totalCured":15,"totalDeath":0,"totalIncrease":0,"childStatistic":"石柱县","totalDoubtful":0,"totalConfirmed":15},{"totalCured":14,"totalDeath":0,"totalIncrease":0,"childStatistic":"大足区","totalDoubtful":0,"totalConfirmed":14},{"totalCured":14,"totalDeath":0,"totalIncrease":0,"childStatistic":"巫溪县","totalDoubtful":0,"totalConfirmed":14},{"totalCured":10,"totalDeath":0,"totalIncrease":0,"childStatistic":"铜梁区","totalDoubtful":0,"totalConfirmed":10},{"totalCured":10,"totalDeath":0,"totalIncrease":0,"childStatistic":"丰都县","totalDoubtful":0,"totalConfirmed":10},{"totalCured":10,"totalDeath":0,"totalIncrease":0,"childStatistic":"巫山县","totalDoubtful":0,"totalConfirmed":10},{"totalCured":9,"totalDeath":0,"totalIncrease":0,"childStatistic":"荣昌区","totalDoubtful":0,"totalConfirmed":9},{"totalCured":9,"totalDeath":0,"totalIncrease":0,"childStatistic":"沙坪坝区","totalDoubtful":0,"totalConfirmed":9},{"totalCured":9,"totalDeath":0,"totalIncrease":0,"childStatistic":"璧山区","totalDoubtful":0,"totalConfirmed":9},{"totalCured":7,"totalDeath":0,"totalIncrease":0,"childStatistic":"大渡口区","totalDoubtful":0,"totalConfirmed":7},{"totalCured":6,"totalDeath":0,"totalIncrease":0,"childStatistic":"巴南区","totalDoubtful":0,"totalConfirmed":6},{"totalCured":5,"totalDeath":0,"totalIncrease":0,"childStatistic":"涪陵区","totalDoubtful":0,"totalConfirmed":5},{"totalCured":5,"totalDeath":0,"totalIncrease":0,"childStatistic":"永川区","totalDoubtful":0,"totalConfirmed":5},{"totalCured":4,"totalDeath":0,"totalIncrease":0,"childStatistic":"梁平区","totalDoubtful":0,"totalConfirmed":4},{"totalCured":4,"totalDeath":0,"totalIncrease":0,"childStatistic":"江津区","totalDoubtful":0,"totalConfirmed":4},{"totalCured":4,"totalDeath":0,"totalIncrease":0,"childStatistic":"高新区","totalDoubtful":0,"totalConfirmed":4},{"totalCured":2,"totalDeath":0,"totalIncrease":0,"childStatistic":"彭水县","totalDoubtful":0,"totalConfirmed":2},{"totalCured":2,"totalDeath":0,"totalIncrease":0,"childStatistic":"城口县","totalDoubtful":0,"totalConfirmed":2},{"totalCured":2,"totalDeath":0,"totalIncrease":0,"childStatistic":"黔江区","totalDoubtful":0,"totalConfirmed":2},{"totalCured":1,"totalDeath":0,"totalIncrease":0,"childStatistic":"万盛经开区","totalDoubtful":0,"totalConfirmed":1},{"totalCured":1,"totalDeath":0,"totalIncrease":0,"childStatistic":"酉阳县","totalDoubtful":0,"totalConfirmed":1},{"totalCured":1,"totalDeath":0,"totalIncrease":0,"childStatistic":"武隆区","totalDoubtful":0,"totalConfirmed":1},{"totalCured":1,"totalDeath":0,"totalIncrease":0,"childStatistic":"秀山县","totalDoubtful":0,"totalConfirmed":1}],"childStatistic":"重庆市","totalDoubtful":0,"totalConfirmed":591},{"totalCured":268,"totalDeath":3,"totalIncrease":0,"cityArray":[{"totalCured":114,"totalDeath":1,"totalIncrease":0,"childStatistic":"通化","totalDoubtful":0,"totalConfirmed":311},{"totalCured":50,"totalDeath":0,"totalIncrease":0,"childStatistic":"长春","totalDoubtful":0,"totalConfirmed":150},{"totalCured":47,"totalDeath":1,"totalIncrease":0,"childStatistic":"吉林","totalDoubtful":0,"totalConfirmed":48},{"totalCured":19,"totalDeath":0,"totalIncrease":0,"childStatistic":"境外输入","totalDoubtful":0,"totalConfirmed":19},{"totalCured":16,"totalDeath":1,"totalIncrease":0,"childStatistic":"四平","totalDoubtful":0,"totalConfirmed":17},{"totalCured":7,"totalDeath":0,"totalIncrease":0,"childStatistic":"辽源","totalDoubtful":0,"totalConfirmed":7},{"totalCured":2,"totalDeath":0,"totalIncrease":0,"childStatistic":"松原","totalDoubtful":0,"totalConfirmed":6},{"totalCured":6,"totalDeath":0,"totalIncrease":0,"childStatistic":"公主岭","totalDoubtful":0,"totalConfirmed":6},{"totalCured":5,"totalDeath":0,"totalIncrease":0,"childStatistic":"延边州","totalDoubtful":0,"totalConfirmed":5},{"totalCured":1,"totalDeath":0,"totalIncrease":0,"childStatistic":"梅河口","totalDoubtful":0,"totalConfirmed":1},{"totalCured":1,"totalDeath":0,"totalIncrease":0,"childStatistic":"白城","totalDoubtful":0,"totalConfirmed":1}],"childStatistic":"吉林省","totalDoubtful":0,"totalConfirmed":571},{"totalCured":527,"totalDeath":1,"totalIncrease":0,"cityArray":[{"totalCured":232,"totalDeath":0,"totalIncrease":0,"childStatistic":"境外输入","totalDoubtful":0,"totalConfirmed":249},{"totalCured":71,"totalDeath":1,"totalIncrease":0,"childStatistic":"福州","totalDoubtful":0,"totalConfirmed":72},{"totalCured":56,"totalDeath":0,"totalIncrease":0,"childStatistic":"莆田","totalDoubtful":0,"totalConfirmed":56},{"totalCured":47,"totalDeath":0,"totalIncrease":0,"childStatistic":"泉州","totalDoubtful":0,"totalConfirmed":47},{"totalCured":35,"totalDeath":0,"totalIncrease":0,"childStatistic":"厦门","totalDoubtful":0,"totalConfirmed":35},{"totalCured":26,"totalDeath":0,"totalIncrease":0,"childStatistic":"宁德","totalDoubtful":0,"totalConfirmed":26},{"totalCured":20,"totalDeath":0,"totalIncrease":0,"childStatistic":"漳州","totalDoubtful":0,"totalConfirmed":20},{"totalCured":20,"totalDeath":0,"totalIncrease":0,"childStatistic":"南平","totalDoubtful":0,"totalConfirmed":20},{"totalCured":14,"totalDeath":0,"totalIncrease":0,"childStatistic":"三明","totalDoubtful":0,"totalConfirmed":14},{"totalCured":6,"totalDeath":0,"totalIncrease":0,"childStatistic":"龙岩","totalDoubtful":0,"totalConfirmed":6}],"childStatistic":"福建省","totalDoubtful":0,"totalConfirmed":545},{"totalCured":516,"totalDeath":3,"totalIncrease":0,"cityArray":[{"totalCured":274,"totalDeath":0,"totalIncrease":0,"childStatistic":"境外输入","totalDoubtful":0,"totalConfirmed":294},{"totalCured":117,"totalDeath":3,"totalIncrease":0,"childStatistic":"西安","totalDoubtful":0,"totalConfirmed":120},{"totalCured":26,"totalDeath":0,"totalIncrease":0,"childStatistic":"汉中","totalDoubtful":0,"totalConfirmed":26},{"totalCured":26,"totalDeath":0,"totalIncrease":0,"childStatistic":"安康","totalDoubtful":0,"totalConfirmed":26},{"totalCured":15,"totalDeath":0,"totalIncrease":0,"childStatistic":"渭南","totalDoubtful":0,"totalConfirmed":17},{"totalCured":17,"totalDeath":0,"totalIncrease":0,"childStatistic":"咸阳","totalDoubtful":0,"totalConfirmed":17},{"totalCured":13,"totalDeath":0,"totalIncrease":0,"childStatistic":"宝鸡","totalDoubtful":0,"totalConfirmed":13},{"totalCured":8,"totalDeath":0,"totalIncrease":0,"childStatistic":"铜川","totalDoubtful":0,"totalConfirmed":8},{"totalCured":8,"totalDeath":0,"totalIncrease":0,"childStatistic":"延安","totalDoubtful":0,"totalConfirmed":8},{"totalCured":7,"totalDeath":0,"totalIncrease":0,"childStatistic":"商洛","totalDoubtful":0,"totalConfirmed":7},{"totalCured":3,"totalDeath":0,"totalIncrease":0,"childStatistic":"榆林","totalDoubtful":0,"totalConfirmed":3},{"totalCured":1,"totalDeath":0,"totalIncrease":0,"childStatistic":"韩城","totalDoubtful":0,"totalConfirmed":1},{"totalCured":1,"totalDeath":0,"totalIncrease":0,"childStatistic":"杨凌示范区","totalDoubtful":0,"totalConfirmed":1}],"childStatistic":"陕西省","totalDoubtful":0,"totalConfirmed":541},{"totalCured":388,"totalDeath":2,"totalIncrease":0,"cityArray":[{"totalCured":161,"totalDeath":0,"totalIncrease":0,"childStatistic":"大连","totalDoubtful":0,"totalConfirmed":161},{"totalCured":79,"totalDeath":0,"totalIncrease":0,"childStatistic":"境外输入","totalDoubtful":0,"totalConfirmed":91},{"totalCured":70,"totalDeath":0,"totalIncrease":0,"childStatistic":"沈阳","totalDoubtful":0,"totalConfirmed":70},{"totalCured":11,"totalDeath":1,"totalIncrease":0,"childStatistic":"葫芦岛","totalDoubtful":0,"totalConfirmed":12},{"totalCured":12,"totalDeath":0,"totalIncrease":0,"childStatistic":"锦州","totalDoubtful":0,"totalConfirmed":12},{"totalCured":11,"totalDeath":0,"totalIncrease":0,"childStatistic":"丹东","totalDoubtful":0,"totalConfirmed":11},{"totalCured":11,"totalDeath":0,"totalIncrease":0,"childStatistic":"盘锦","totalDoubtful":0,"totalConfirmed":11},{"totalCured":8,"totalDeath":0,"totalIncrease":0,"childStatistic":"铁岭","totalDoubtful":0,"totalConfirmed":8},{"totalCured":8,"totalDeath":0,"totalIncrease":0,"childStatistic":"阜新","totalDoubtful":0,"totalConfirmed":8},{"totalCured":5,"totalDeath":1,"totalIncrease":0,"childStatistic":"朝阳","totalDoubtful":0,"totalConfirmed":6},{"totalCured":4,"totalDeath":0,"totalIncrease":0,"childStatistic":"鞍山","totalDoubtful":0,"totalConfirmed":4},{"totalCured":3,"totalDeath":0,"totalIncrease":0,"childStatistic":"本溪","totalDoubtful":0,"totalConfirmed":3},{"totalCured":3,"totalDeath":0,"totalIncrease":0,"childStatistic":"辽阳","totalDoubtful":0,"totalConfirmed":3},{"totalCured":1,"totalDeath":0,"totalIncrease":0,"childStatistic":"抚顺","totalDoubtful":0,"totalConfirmed":1},{"totalCured":1,"totalDeath":0,"totalIncrease":0,"childStatistic":"营口","totalDoubtful":0,"totalConfirmed":1}],"childStatistic":"辽宁省","totalDoubtful":0,"totalConfirmed":402},{"totalCured":353,"totalDeath":1,"totalIncrease":0,"cityArray":[{"totalCured":249,"totalDeath":0,"totalIncrease":0,"childStatistic":"境外输入","totalDoubtful":0,"totalConfirmed":261},{"totalCured":37,"totalDeath":0,"totalIncrease":0,"childStatistic":"呼伦贝尔","totalDoubtful":0,"totalConfirmed":37},{"totalCured":11,"totalDeath":0,"totalIncrease":0,"childStatistic":"包头","totalDoubtful":0,"totalConfirmed":11},{"totalCured":11,"totalDeath":0,"totalIncrease":0,"childStatistic":"鄂尔多斯","totalDoubtful":0,"totalConfirmed":11},{"totalCured":9,"totalDeath":0,"totalIncrease":0,"childStatistic":"锡林郭勒盟","totalDoubtful":0,"totalConfirmed":9},{"totalCured":9,"totalDeath":0,"totalIncrease":0,"childStatistic":"赤峰","totalDoubtful":0,"totalConfirmed":9},{"totalCured":7,"totalDeath":1,"totalIncrease":0,"childStatistic":"巴彦淖尔","totalDoubtful":0,"totalConfirmed":8},{"totalCured":7,"totalDeath":0,"totalIncrease":0,"childStatistic":"呼和浩特","totalDoubtful":0,"totalConfirmed":7},{"totalCured":7,"totalDeath":0,"totalIncrease":0,"childStatistic":"通辽","totalDoubtful":0,"totalConfirmed":7},{"totalCured":3,"totalDeath":0,"totalIncrease":0,"childStatistic":"乌兰察布","totalDoubtful":0,"totalConfirmed":3},{"totalCured":2,"totalDeath":0,"totalIncrease":0,"childStatistic":"乌海","totalDoubtful":0,"totalConfirmed":2},{"totalCured":1,"totalDeath":0,"totalIncrease":0,"childStatistic":"兴安盟","totalDoubtful":0,"totalConfirmed":1}],"childStatistic":"内蒙古自治区","totalDoubtful":0,"totalConfirmed":366},{"totalCured":324,"totalDeath":3,"totalIncrease":0,"cityArray":[{"totalCured":180,"totalDeath":0,"totalIncrease":0,"childStatistic":"境外输入","totalDoubtful":0,"totalConfirmed":198},{"totalCured":58,"totalDeath":2,"totalIncrease":0,"childStatistic":"宝坻区","totalDoubtful":0,"totalConfirmed":60},{"totalCured":14,"totalDeath":1,"totalIncrease":0,"childStatistic":"河东区","totalDoubtful":0,"totalConfirmed":15},{"totalCured":13,"totalDeath":0,"totalIncrease":0,"childStatistic":"滨海新区","totalDoubtful":0,"totalConfirmed":13},{"totalCured":12,"totalDeath":0,"totalIncrease":0,"childStatistic":"河北区","totalDoubtful":0,"totalConfirmed":12},{"totalCured":7,"totalDeath":0,"totalIncrease":0,"childStatistic":"北辰区","totalDoubtful":0,"totalConfirmed":7},{"totalCured":6,"totalDeath":0,"totalIncrease":0,"childStatistic":"南开区","totalDoubtful":0,"totalConfirmed":6},{"totalCured":6,"totalDeath":0,"totalIncrease":0,"childStatistic":"和平区","totalDoubtful":0,"totalConfirmed":6},{"totalCured":6,"totalDeath":0,"totalIncrease":0,"childStatistic":"外地来津人员","totalDoubtful":0,"totalConfirmed":6},{"totalCured":4,"totalDeath":0,"totalIncrease":0,"childStatistic":"宁河区","totalDoubtful":0,"totalConfirmed":4},{"totalCured":4,"totalDeath":0,"totalIncrease":0,"childStatistic":"西青区","totalDoubtful":0,"totalConfirmed":4},{"totalCured":4,"totalDeath":0,"totalIncrease":0,"childStatistic":"东丽区","totalDoubtful":0,"totalConfirmed":4},{"totalCured":4,"totalDeath":0,"totalIncrease":0,"childStatistic":"河西区","totalDoubtful":0,"totalConfirmed":4},{"totalCured":2,"totalDeath":0,"totalIncrease":0,"childStatistic":"津南区","totalDoubtful":0,"totalConfirmed":2},{"totalCured":2,"totalDeath":0,"totalIncrease":0,"childStatistic":"武清区","totalDoubtful":0,"totalConfirmed":2},{"totalCured":2,"totalDeath":0,"totalIncrease":0,"childStatistic":"红桥区","totalDoubtful":0,"totalConfirmed":2}],"childStatistic":"天津市","totalDoubtful":0,"totalConfirmed":345},{"totalCured":263,"totalDeath":2,"totalIncrease":0,"cityArray":[{"totalCured":55,"totalDeath":0,"totalIncrease":0,"childStatistic":"南宁","totalDoubtful":0,"totalConfirmed":56},{"totalCured":43,"totalDeath":1,"totalIncrease":0,"childStatistic":"北海","totalDoubtful":0,"totalConfirmed":44},{"totalCured":32,"totalDeath":0,"totalIncrease":0,"childStatistic":"桂林","totalDoubtful":0,"totalConfirmed":32},{"totalCured":27,"totalDeath":1,"totalIncrease":0,"childStatistic":"河池","totalDoubtful":0,"totalConfirmed":28},{"totalCured":24,"totalDeath":0,"totalIncrease":0,"childStatistic":"柳州","totalDoubtful":0,"totalConfirmed":24},{"totalCured":19,"totalDeath":0,"totalIncrease":0,"childStatistic":"防城港","totalDoubtful":0,"totalConfirmed":19},{"totalCured":13,"totalDeath":0,"totalIncrease":0,"childStatistic":"境外输入","totalDoubtful":0,"totalConfirmed":14},{"totalCured":11,"totalDeath":0,"totalIncrease":0,"childStatistic":"来宾","totalDoubtful":0,"totalConfirmed":11},{"totalCured":11,"totalDeath":0,"totalIncrease":0,"childStatistic":"玉林","totalDoubtful":0,"totalConfirmed":11},{"totalCured":8,"totalDeath":0,"totalIncrease":0,"childStatistic":"钦州","totalDoubtful":0,"totalConfirmed":8},{"totalCured":8,"totalDeath":0,"totalIncrease":0,"childStatistic":"贵港","totalDoubtful":0,"totalConfirmed":8},{"totalCured":5,"totalDeath":0,"totalIncrease":0,"childStatistic":"梧州","totalDoubtful":0,"totalConfirmed":5},{"totalCured":4,"totalDeath":0,"totalIncrease":0,"childStatistic":"贺州","totalDoubtful":0,"totalConfirmed":4},{"totalCured":3,"totalDeath":0,"totalIncrease":0,"childStatistic":"百色","totalDoubtful":0,"totalConfirmed":3}],"childStatistic":"广西壮族自治区","totalDoubtful":0,"totalConfirmed":267},{"totalCured":227,"totalDeath":0,"totalIncrease":0,"cityArray":[{"totalCured":93,"totalDeath":0,"totalIncrease":0,"childStatistic":"境外输入","totalDoubtful":0,"totalConfirmed":101},{"totalCured":37,"totalDeath":0,"totalIncrease":0,"childStatistic":"晋中","totalDoubtful":0,"totalConfirmed":41},{"totalCured":21,"totalDeath":0,"totalIncrease":0,"childStatistic":"太原","totalDoubtful":0,"totalConfirmed":21},{"totalCured":19,"totalDeath":0,"totalIncrease":0,"childStatistic":"运城","totalDoubtful":0,"totalConfirmed":19},{"totalCured":12,"totalDeath":0,"totalIncrease":0,"childStatistic":"大同","totalDoubtful":0,"totalConfirmed":12},{"totalCured":10,"totalDeath":0,"totalIncrease":0,"childStatistic":"晋城","totalDoubtful":0,"totalConfirmed":10},{"totalCured":8,"totalDeath":0,"totalIncrease":0,"childStatistic":"长治","totalDoubtful":0,"totalConfirmed":8},{"totalCured":8,"totalDeath":0,"totalIncrease":0,"childStatistic":"朔州","totalDoubtful":0,"totalConfirmed":8},{"totalCured":7,"totalDeath":0,"totalIncrease":0,"childStatistic":"忻州","totalDoubtful":0,"totalConfirmed":7},{"totalCured":6,"totalDeath":0,"totalIncrease":0,"childStatistic":"吕梁","totalDoubtful":0,"totalConfirmed":6},{"totalCured":4,"totalDeath":0,"totalIncrease":0,"childStatistic":"阳泉","totalDoubtful":0,"totalConfirmed":4},{"totalCured":2,"totalDeath":0,"totalIncrease":0,"childStatistic":"临汾","totalDoubtful":0,"totalConfirmed":2}],"childStatistic":"山西省","totalDoubtful":0,"totalConfirmed":239},{"totalCured":228,"totalDeath":2,"totalIncrease":0,"cityArray":[{"totalCured":56,"totalDeath":0,"totalIncrease":0,"childStatistic":"境外输入","totalDoubtful":0,"totalConfirmed":57},{"totalCured":53,"totalDeath":0,"totalIncrease":0,"childStatistic":"昆明","totalDoubtful":0,"totalConfirmed":53},{"totalCured":25,"totalDeath":0,"totalIncrease":0,"childStatistic":"昭通","totalDoubtful":0,"totalConfirmed":25},{"totalCured":14,"totalDeath":1,"totalIncrease":0,"childStatistic":"西双版纳州","totalDoubtful":0,"totalConfirmed":15},{"totalCured":13,"totalDeath":1,"totalIncrease":0,"childStatistic":"玉溪","totalDoubtful":0,"totalConfirmed":14},{"totalCured":13,"totalDeath":0,"totalIncrease":0,"childStatistic":"曲靖","totalDoubtful":0,"totalConfirmed":13},{"totalCured":13,"totalDeath":0,"totalIncrease":0,"childStatistic":"大理州","totalDoubtful":0,"totalConfirmed":13},{"totalCured":9,"totalDeath":0,"totalIncrease":0,"childStatistic":"保山","totalDoubtful":0,"totalConfirmed":9},{"totalCured":9,"totalDeath":0,"totalIncrease":0,"childStatistic":"红河州","totalDoubtful":0,"totalConfirmed":9},{"totalCured":7,"totalDeath":0,"totalIncrease":0,"childStatistic":"丽江","totalDoubtful":0,"totalConfirmed":7},{"totalCured":5,"totalDeath":0,"totalIncrease":0,"childStatistic":"德宏州","totalDoubtful":0,"totalConfirmed":5},{"totalCured":4,"totalDeath":0,"totalIncrease":0,"childStatistic":"楚雄州","totalDoubtful":0,"totalConfirmed":4},{"totalCured":4,"totalDeath":0,"totalIncrease":0,"childStatistic":"普洱","totalDoubtful":0,"totalConfirmed":4},{"totalCured":2,"totalDeath":0,"totalIncrease":0,"childStatistic":"文山州","totalDoubtful":0,"totalConfirmed":2},{"totalCured":1,"totalDeath":0,"totalIncrease":0,"childStatistic":"临沧","totalDoubtful":0,"totalConfirmed":1}],"childStatistic":"云南省","totalDoubtful":0,"totalConfirmed":231},{"totalCured":185,"totalDeath":2,"totalIncrease":0,"cityArray":[{"totalCured":95,"totalDeath":0,"totalIncrease":0,"childStatistic":"境外输入","totalDoubtful":0,"totalConfirmed":95},{"totalCured":35,"totalDeath":2,"totalIncrease":0,"childStatistic":"兰州","totalDoubtful":0,"totalConfirmed":37},{"totalCured":12,"totalDeath":0,"totalIncrease":0,"childStatistic":"天水","totalDoubtful":0,"totalConfirmed":12},{"totalCured":9,"totalDeath":0,"totalIncrease":0,"childStatistic":"定西","totalDoubtful":0,"totalConfirmed":9},{"totalCured":9,"totalDeath":0,"totalIncrease":0,"childStatistic":"平凉","totalDoubtful":0,"totalConfirmed":9},{"totalCured":8,"totalDeath":0,"totalIncrease":0,"childStatistic":"甘南州","totalDoubtful":0,"totalConfirmed":8},{"totalCured":4,"totalDeath":0,"totalIncrease":0,"childStatistic":"白银","totalDoubtful":0,"totalConfirmed":4},{"totalCured":4,"totalDeath":0,"totalIncrease":0,"childStatistic":"陇南","totalDoubtful":0,"totalConfirmed":4},{"totalCured":3,"totalDeath":0,"totalIncrease":0,"childStatistic":"庆阳","totalDoubtful":0,"totalConfirmed":3},{"totalCured":3,"totalDeath":0,"totalIncrease":0,"childStatistic":"临夏州","totalDoubtful":0,"totalConfirmed":3},{"totalCured":2,"totalDeath":0,"totalIncrease":0,"childStatistic":"张掖","totalDoubtful":0,"totalConfirmed":2},{"totalCured":1,"totalDeath":0,"totalIncrease":0,"childStatistic":"金昌","totalDoubtful":0,"totalConfirmed":1}],"childStatistic":"甘肃省","totalDoubtful":0,"totalConfirmed":187},{"totalCured":165,"totalDeath":6,"totalIncrease":0,"cityArray":[{"totalCured":56,"totalDeath":1,"totalIncrease":0,"childStatistic":"三亚","totalDoubtful":0,"totalConfirmed":57},{"totalCured":39,"totalDeath":0,"totalIncrease":0,"childStatistic":"海口","totalDoubtful":0,"totalConfirmed":39},{"totalCured":14,"totalDeath":1,"totalIncrease":0,"childStatistic":"儋州","totalDoubtful":0,"totalConfirmed":15},{"totalCured":13,"totalDeath":0,"totalIncrease":0,"childStatistic":"万宁","totalDoubtful":0,"totalConfirmed":13},{"totalCured":8,"totalDeath":1,"totalIncrease":0,"childStatistic":"澄迈县","totalDoubtful":0,"totalConfirmed":9},{"totalCured":7,"totalDeath":0,"totalIncrease":0,"childStatistic":"昌江县","totalDoubtful":0,"totalConfirmed":7},{"totalCured":5,"totalDeath":1,"totalIncrease":0,"childStatistic":"琼海","totalDoubtful":0,"totalConfirmed":6},{"totalCured":6,"totalDeath":0,"totalIncrease":0,"childStatistic":"临高县","totalDoubtful":0,"totalConfirmed":6},{"totalCured":4,"totalDeath":0,"totalIncrease":0,"childStatistic":"陵水县","totalDoubtful":0,"totalConfirmed":4},{"totalCured":2,"totalDeath":1,"totalIncrease":0,"childStatistic":"东方","totalDoubtful":0,"totalConfirmed":3},{"totalCured":3,"totalDeath":0,"totalIncrease":0,"childStatistic":"保亭县","totalDoubtful":0,"totalConfirmed":3},{"totalCured":2,"totalDeath":1,"totalIncrease":0,"childStatistic":"定安县","totalDoubtful":0,"totalConfirmed":3},{"totalCured":3,"totalDeath":0,"totalIncrease":0,"childStatistic":"文昌","totalDoubtful":0,"totalConfirmed":3},{"totalCured":2,"totalDeath":0,"totalIncrease":0,"childStatistic":"乐东县","totalDoubtful":0,"totalConfirmed":2},{"totalCured":1,"totalDeath":0,"totalIncrease":0,"childStatistic":"琼中县","totalDoubtful":0,"totalConfirmed":1}],"childStatistic":"海南省","totalDoubtful":0,"totalConfirmed":171},{"totalCured":145,"totalDeath":2,"totalIncrease":0,"cityArray":[{"totalCured":35,"totalDeath":1,"totalIncrease":0,"childStatistic":"贵阳","totalDoubtful":0,"totalConfirmed":36},{"totalCured":32,"totalDeath":0,"totalIncrease":0,"childStatistic":"遵义","totalDoubtful":0,"totalConfirmed":32},{"totalCured":23,"totalDeath":0,"totalIncrease":0,"childStatistic":"毕节","totalDoubtful":0,"totalConfirmed":23},{"totalCured":17,"totalDeath":0,"totalIncrease":0,"childStatistic":"黔南州","totalDoubtful":0,"totalConfirmed":17},{"totalCured":9,"totalDeath":1,"totalIncrease":0,"childStatistic":"六盘水","totalDoubtful":0,"totalConfirmed":10},{"totalCured":10,"totalDeath":0,"totalIncrease":0,"childStatistic":"铜仁","totalDoubtful":0,"totalConfirmed":10},{"totalCured":10,"totalDeath":0,"totalIncrease":0,"childStatistic":"黔东南州","totalDoubtful":0,"totalConfirmed":10},{"totalCured":4,"totalDeath":0,"totalIncrease":0,"childStatistic":"黔西南州","totalDoubtful":0,"totalConfirmed":4},{"totalCured":4,"totalDeath":0,"totalIncrease":0,"childStatistic":"安顺","totalDoubtful":0,"totalConfirmed":4},{"totalCured":1,"totalDeath":0,"totalIncrease":0,"childStatistic":"境外输入","totalDoubtful":0,"totalConfirmed":1}],"childStatistic":"贵州省","totalDoubtful":0,"totalConfirmed":147},{"totalCured":75,"totalDeath":0,"totalIncrease":0,"cityArray":[{"totalCured":36,"totalDeath":0,"totalIncrease":0,"childStatistic":"银川","totalDoubtful":0,"totalConfirmed":36},{"totalCured":28,"totalDeath":0,"totalIncrease":0,"childStatistic":"吴忠","totalDoubtful":0,"totalConfirmed":28},{"totalCured":5,"totalDeath":0,"totalIncrease":0,"childStatistic":"固原","totalDoubtful":0,"totalConfirmed":5},{"totalCured":4,"totalDeath":0,"totalIncrease":0,"childStatistic":"中卫","totalDoubtful":0,"totalConfirmed":4},{"totalCured":1,"totalDeath":0,"totalIncrease":0,"childStatistic":"石嘴山","totalDoubtful":0,"totalConfirmed":1},{"totalCured":1,"totalDeath":0,"totalIncrease":0,"childStatistic":"宁东","totalDoubtful":0,"totalConfirmed":1}],"childStatistic":"宁夏回族自治区","totalDoubtful":0,"totalConfirmed":75},{"totalCured":46,"totalDeath":0,"totalIncrease":0,"cityArray":[{"totalCured":46,"totalDeath":0,"totalIncrease":0,"childStatistic":"中国澳门","totalDoubtful":0,"totalConfirmed":47}],"childStatistic":"中国澳门","totalDoubtful":0,"totalConfirmed":47},{"totalCured":18,"totalDeath":0,"totalIncrease":0,"cityArray":[{"totalCured":15,"totalDeath":0,"totalIncrease":0,"childStatistic":"西宁","totalDoubtful":0,"totalConfirmed":15},{"totalCured":3,"totalDeath":0,"totalIncrease":0,"childStatistic":"海北州","totalDoubtful":0,"totalConfirmed":3}],"childStatistic":"青海省","totalDoubtful":0,"totalConfirmed":18},{"totalCured":1,"totalDeath":0,"totalIncrease":0,"cityArray":[{"totalCured":1,"totalDeath":0,"totalIncrease":0,"childStatistic":"拉萨","totalDoubtful":0,"totalConfirmed":1}],"childStatistic":"西藏自治区","totalDoubtful":0,"totalConfirmed":1}]
Creating a new SqlSession
SqlSession [org.apache.ibatis.session.defaults.DefaultSqlSession@1acc873b] was not registered for synchronization because synchronization is not active
2021-02-05 13:21:13.959  INFO 19220 --- [           main] com.zaxxer.hikari.HikariDataSource       : HikariPool-1 - Starting...
2021-02-05 13:21:15.418  INFO 19220 --- [           main] com.zaxxer.hikari.HikariDataSource       : HikariPool-1 - Start completed.
JDBC Connection [HikariProxyConnection@161234158 wrapping com.mysql.cj.jdbc.ConnectionImpl@57b711b6] will not be managed by Spring
==>  Preparing: SELECT id,province_name FROM L_province WHERE (province_name = ?) 
==> Parameters: 湖北省(String)
<==    Columns: id, province_name
<==        Row: 1, 湖北省
<==      Total: 1
Closing non transactional SqlSession [org.apache.ibatis.session.defaults.DefaultSqlSession@1acc873b]
Creating a new SqlSession
SqlSession [org.apache.ibatis.session.defaults.DefaultSqlSession@1e95f584] was not registered for synchronization because synchronization is not active
JDBC Connection [HikariProxyConnection@412496882 wrapping com.mysql.cj.jdbc.ConnectionImpl@57b711b6] will not be managed by Spring
==>  Preparing: INSERT INTO L_city ( city_name, province_id ) VALUES ( ?, ? ) 
==> Parameters: 武汉(String), 1(Integer)
<==    Updates: 1
Closing non transactional SqlSession [org.apache.ibatis.session.defaults.DefaultSqlSession@1e95f584]
Creating a new SqlSession
SqlSession [org.apache.ibatis.session.defaults.DefaultSqlSession@6ca33187] was not registered for synchronization because synchronization is not active
JDBC Connection [HikariProxyConnection@443021492 wrapping com.mysql.cj.jdbc.ConnectionImpl@57b711b6] will not be managed by Spring
==>  Preparing: INSERT INTO L_city ( city_name, province_id ) VALUES ( ?, ? ) 
==> Parameters: 孝感(String), 1(Integer)
<==    Updates: 1
Closing non transactional SqlSession [org.apache.ibatis.session.defaults.DefaultSqlSession@6ca33187]
Creating a new SqlSession
SqlSession [org.apache.ibatis.session.defaults.DefaultSqlSession@76fc5687] was not registered for synchronization because synchronization is not active
JDBC Connection [HikariProxyConnection@1409004212 wrapping com.mysql.cj.jdbc.ConnectionImpl@57b711b6] will not be managed by Spring
==>  Preparing: INSERT INTO L_city ( city_name, province_id ) VALUES ( ?, ? ) 
==> Parameters: 黄冈(String), 1(Integer)
<==    Updates: 1
Closing non transactional SqlSession [org.apache.ibatis.session.defaults.DefaultSqlSession@76fc5687]
Creating a new SqlSession
SqlSession [org.apache.ibatis.session.defaults.DefaultSqlSession@50fd739d] was not registered for synchronization because synchronization is not active
JDBC Connection [HikariProxyConnection@1578964260 wrapping com.mysql.cj.jdbc.ConnectionImpl@57b711b6] will not be managed by Spring
==>  Preparing: INSERT INTO L_city ( city_name, province_id ) VALUES ( ?, ? ) 
==> Parameters: 荆州(String), 1(Integer)
<==    Updates: 1
Closing non transactional SqlSession [org.apache.ibatis.session.defaults.DefaultSqlSession@50fd739d]
Creating a new SqlSession
SqlSession [org.apache.ibatis.session.defaults.DefaultSqlSession@78504ce9] was not registered for synchronization because synchronization is not active
JDBC Connection [HikariProxyConnection@1314050802 wrapping com.mysql.cj.jdbc.ConnectionImpl@57b711b6] will not be managed by Spring
==>  Preparing: INSERT INTO L_city ( city_name, province_id ) VALUES ( ?, ? ) 
==> Parameters: 鄂州(String), 1(Integer)
<==    Updates: 1
Closing non transactional SqlSession [org.apache.ibatis.session.defaults.DefaultSqlSession@78504ce9]
Creating a new SqlSession
SqlSession [org.apache.ibatis.session.defaults.DefaultSqlSession@7ec508e6] was not registered for synchronization because synchronization is not active
JDBC Connection [HikariProxyConnection@1978869783 wrapping com.mysql.cj.jdbc.ConnectionImpl@57b711b6] will not be managed by Spring
==>  Preparing: INSERT INTO L_city ( city_name, province_id ) VALUES ( ?, ? ) 
==> Parameters: 随州(String), 1(Integer)
<==    Updates: 1
Closing non transactional SqlSession [org.apache.ibatis.session.defaults.DefaultSqlSession@7ec508e6]
Creating a new SqlSession
SqlSession [org.apache.ibatis.session.defaults.DefaultSqlSession@61d09475] was not registered for synchronization because synchronization is not active
JDBC Connection [HikariProxyConnection@219130824 wrapping com.mysql.cj.jdbc.ConnectionImpl@57b711b6] will not be managed by Spring
==>  Preparing: INSERT INTO L_city ( city_name, province_id ) VALUES ( ?, ? ) 
==> Parameters: 襄阳(String), 1(Integer)
<==    Updates: 1
Closing non transactional SqlSession [org.apache.ibatis.session.defaults.DefaultSqlSession@61d09475]
Creating a new SqlSession
SqlSession [org.apache.ibatis.session.defaults.DefaultSqlSession@7f70e244] was not registered for synchronization because synchronization is not active
JDBC Connection [HikariProxyConnection@265373577 wrapping com.mysql.cj.jdbc.ConnectionImpl@57b711b6] will not be managed by Spring
==>  Preparing: INSERT INTO L_city ( city_name, province_id ) VALUES ( ?, ? ) 
==> Parameters: 黄石(String), 1(Integer)
<==    Updates: 1
Closing non transactional SqlSession [org.apache.ibatis.session.defaults.DefaultSqlSession@7f70e244]
Creating a new SqlSession
SqlSession [org.apache.ibatis.session.defaults.DefaultSqlSession@68454ed5] was not registered for synchronization because synchronization is not active
JDBC Connection [HikariProxyConnection@1831711067 wrapping com.mysql.cj.jdbc.ConnectionImpl@57b711b6] will not be managed by Spring
==>  Preparing: INSERT INTO L_city ( city_name, province_id ) VALUES ( ?, ? ) 
==> Parameters: 宜昌(String), 1(Integer)
<==    Updates: 1
Closing non transactional SqlSession [org.apache.ibatis.session.defaults.DefaultSqlSession@68454ed5]
Creating a new SqlSession
SqlSession [org.apache.ibatis.session.defaults.DefaultSqlSession@59b98ad1] was not registered for synchronization because synchronization is not active
JDBC Connection [HikariProxyConnection@1495162836 wrapping com.mysql.cj.jdbc.ConnectionImpl@57b711b6] will not be managed by Spring
==>  Preparing: INSERT INTO L_city ( city_name, province_id ) VALUES ( ?, ? ) 
==> Parameters: 荆门(String), 1(Integer)
<==    Updates: 1
Closing non transactional SqlSession [org.apache.ibatis.session.defaults.DefaultSqlSession@59b98ad1]
Creating a new SqlSession
SqlSession [org.apache.ibatis.session.defaults.DefaultSqlSession@37b238da] was not registered for synchronization because synchronization is not active
JDBC Connection [HikariProxyConnection@477700359 wrapping com.mysql.cj.jdbc.ConnectionImpl@57b711b6] will not be managed by Spring
==>  Preparing: INSERT INTO L_city ( city_name, province_id ) VALUES ( ?, ? ) 
==> Parameters: 咸宁(String), 1(Integer)
<==    Updates: 1
Closing non transactional SqlSession [org.apache.ibatis.session.defaults.DefaultSqlSession@37b238da]
Creating a new SqlSession
SqlSession [org.apache.ibatis.session.defaults.DefaultSqlSession@4e951fb1] was not registered for synchronization because synchronization is not active
JDBC Connection [HikariProxyConnection@456228477 wrapping com.mysql.cj.jdbc.ConnectionImpl@57b711b6] will not be managed by Spring
==>  Preparing: INSERT INTO L_city ( city_name, province_id ) VALUES ( ?, ? ) 
==> Parameters: 十堰(String), 1(Integer)
<==    Updates: 1
Closing non transactional SqlSession [org.apache.ibatis.session.defaults.DefaultSqlSession@4e951fb1]
Creating a new SqlSession
SqlSession [org.apache.ibatis.session.defaults.DefaultSqlSession@295d54d6] was not registered for synchronization because synchronization is not active
JDBC Connection [HikariProxyConnection@965674262 wrapping com.mysql.cj.jdbc.ConnectionImpl@57b711b6] will not be managed by Spring
==>  Preparing: INSERT INTO L_city ( city_name, province_id ) VALUES ( ?, ? ) 
==> Parameters: 仙桃(String), 1(Integer)
<==    Updates: 1
Closing non transactional SqlSession [org.apache.ibatis.session.defaults.DefaultSqlSession@295d54d6]
Creating a new SqlSession
SqlSession [org.apache.ibatis.session.defaults.DefaultSqlSession@158e6fc2] was not registered for synchronization because synchronization is not active
JDBC Connection [HikariProxyConnection@1416134608 wrapping com.mysql.cj.jdbc.ConnectionImpl@57b711b6] will not be managed by Spring
==>  Preparing: INSERT INTO L_city ( city_name, province_id ) VALUES ( ?, ? ) 
==> Parameters: 天门(String), 1(Integer)
<==    Updates: 1
Closing non transactional SqlSession [org.apache.ibatis.session.defaults.DefaultSqlSession@158e6fc2]
Creating a new SqlSession
SqlSession [org.apache.ibatis.session.defaults.DefaultSqlSession@7a3a49e5] was not registered for synchronization because synchronization is not active
JDBC Connection [HikariProxyConnection@1813742285 wrapping com.mysql.cj.jdbc.ConnectionImpl@57b711b6] will not be managed by Spring
==>  Preparing: INSERT INTO L_city ( city_name, province_id ) VALUES ( ?, ? ) 
==> Parameters: 恩施(String), 1(Integer)
<==    Updates: 1
Closing non transactional SqlSession [org.apache.ibatis.session.defaults.DefaultSqlSession@7a3a49e5]
Creating a new SqlSession
SqlSession [org.apache.ibatis.session.defaults.DefaultSqlSession@cb318ac] was not registered for synchronization because synchronization is not active
JDBC Connection [HikariProxyConnection@1978560393 wrapping com.mysql.cj.jdbc.ConnectionImpl@57b711b6] will not be managed by Spring
==>  Preparing: INSERT INTO L_city ( city_name, province_id ) VALUES ( ?, ? ) 
==> Parameters: 潜江(String), 1(Integer)
<==    Updates: 1
Closing non transactional SqlSession [org.apache.ibatis.session.defaults.DefaultSqlSession@cb318ac]
Creating a new SqlSession
SqlSession [org.apache.ibatis.session.defaults.DefaultSqlSession@54496c2d] was not registered for synchronization because synchronization is not active
JDBC Connection [HikariProxyConnection@1310342490 wrapping com.mysql.cj.jdbc.ConnectionImpl@57b711b6] will not be managed by Spring
==>  Preparing: INSERT INTO L_city ( city_name, province_id ) VALUES ( ?, ? ) 
==> Parameters: 境外输入(String), 1(Integer)
<==    Updates: 1
Closing non transactional SqlSession [org.apache.ibatis.session.defaults.DefaultSqlSession@54496c2d]
Creating a new SqlSession
SqlSession [org.apache.ibatis.session.defaults.DefaultSqlSession@2ac05a33] was not registered for synchronization because synchronization is not active
JDBC Connection [HikariProxyConnection@900682460 wrapping com.mysql.cj.jdbc.ConnectionImpl@57b711b6] will not be managed by Spring
==>  Preparing: INSERT INTO L_city ( city_name, province_id ) VALUES ( ?, ? ) 
==> Parameters: 神农架林区(String), 1(Integer)
<==    Updates: 1
Closing non transactional SqlSession [org.apache.ibatis.session.defaults.DefaultSqlSession@2ac05a33]
Creating a new SqlSession
SqlSession [org.apache.ibatis.session.defaults.DefaultSqlSession@6aaa678d] was not registered for synchronization because synchronization is not active
JDBC Connection [HikariProxyConnection@635236790 wrapping com.mysql.cj.jdbc.ConnectionImpl@57b711b6] will not be managed by Spring
==>  Preparing: SELECT id,province_name FROM L_province WHERE (province_name = ?) 
==> Parameters: 中国香港(String)
<==    Columns: id, province_name
<==        Row: 2, 中国香港
<==      Total: 1
Closing non transactional SqlSession [org.apache.ibatis.session.defaults.DefaultSqlSession@6aaa678d]
Creating a new SqlSession
SqlSession [org.apache.ibatis.session.defaults.DefaultSqlSession@4e10a320] was not registered for synchronization because synchronization is not active
JDBC Connection [HikariProxyConnection@2000630624 wrapping com.mysql.cj.jdbc.ConnectionImpl@57b711b6] will not be managed by Spring
==>  Preparing: INSERT INTO L_city ( city_name, province_id ) VALUES ( ?, ? ) 
==> Parameters: 中国香港(String), 2(Integer)
<==    Updates: 1
Closing non transactional SqlSession [org.apache.ibatis.session.defaults.DefaultSqlSession@4e10a320]
Creating a new SqlSession
SqlSession [org.apache.ibatis.session.defaults.DefaultSqlSession@7d17906] was not registered for synchronization because synchronization is not active
JDBC Connection [HikariProxyConnection@159116975 wrapping com.mysql.cj.jdbc.ConnectionImpl@57b711b6] will not be managed by Spring
==>  Preparing: SELECT id,province_name FROM L_province WHERE (province_name = ?) 
==> Parameters: 广东省(String)
<==    Columns: id, province_name
<==        Row: 3, 广东省
<==      Total: 1
Closing non transactional SqlSession [org.apache.ibatis.session.defaults.DefaultSqlSession@7d17906]
Creating a new SqlSession
SqlSession [org.apache.ibatis.session.defaults.DefaultSqlSession@f793f15] was not registered for synchronization because synchronization is not active
JDBC Connection [HikariProxyConnection@65830581 wrapping com.mysql.cj.jdbc.ConnectionImpl@57b711b6] will not be managed by Spring
==>  Preparing: INSERT INTO L_city ( city_name, province_id ) VALUES ( ?, ? ) 
==> Parameters: 广州(String), 3(Integer)
<==    Updates: 1
Closing non transactional SqlSession [org.apache.ibatis.session.defaults.DefaultSqlSession@f793f15]
Creating a new SqlSession
SqlSession [org.apache.ibatis.session.defaults.DefaultSqlSession@aa8dce8] was not registered for synchronization because synchronization is not active
JDBC Connection [HikariProxyConnection@1792086750 wrapping com.mysql.cj.jdbc.ConnectionImpl@57b711b6] will not be managed by Spring
==>  Preparing: INSERT INTO L_city ( city_name, province_id ) VALUES ( ?, ? ) 
==> Parameters: 深圳(String), 3(Integer)
<==    Updates: 1
Closing non transactional SqlSession [org.apache.ibatis.session.defaults.DefaultSqlSession@aa8dce8]
Creating a new SqlSession
SqlSession [org.apache.ibatis.session.defaults.DefaultSqlSession@66e12c3b] was not registered for synchronization because synchronization is not active
JDBC Connection [HikariProxyConnection@71599579 wrapping com.mysql.cj.jdbc.ConnectionImpl@57b711b6] will not be managed by Spring
==>  Preparing: INSERT INTO L_city ( city_name, province_id ) VALUES ( ?, ? ) 
==> Parameters: 佛山(String), 3(Integer)
<==    Updates: 1
Closing non transactional SqlSession [org.apache.ibatis.session.defaults.DefaultSqlSession@66e12c3b]
Creating a new SqlSession
SqlSession [org.apache.ibatis.session.defaults.DefaultSqlSession@4d8f2cfd] was not registered for synchronization because synchronization is not active
JDBC Connection [HikariProxyConnection@1833239242 wrapping com.mysql.cj.jdbc.ConnectionImpl@57b711b6] will not be managed by Spring
==>  Preparing: INSERT INTO L_city ( city_name, province_id ) VALUES ( ?, ? ) 
==> Parameters: 珠海(String), 3(Integer)
<==    Updates: 1
Closing non transactional SqlSession [org.apache.ibatis.session.defaults.DefaultSqlSession@4d8f2cfd]
Creating a new SqlSession
SqlSession [org.apache.ibatis.session.defaults.DefaultSqlSession@1e4d8770] was not registered for synchronization because synchronization is not active
JDBC Connection [HikariProxyConnection@1532728609 wrapping com.mysql.cj.jdbc.ConnectionImpl@57b711b6] will not be managed by Spring
==>  Preparing: INSERT INTO L_city ( city_name, province_id ) VALUES ( ?, ? ) 
==> Parameters: 东莞(String), 3(Integer)
<==    Updates: 1
Closing non transactional SqlSession [org.apache.ibatis.session.defaults.DefaultSqlSession@1e4d8770]
Creating a new SqlSession
SqlSession [org.apache.ibatis.session.defaults.DefaultSqlSession@14b5325f] was not registered for synchronization because synchronization is not active
JDBC Connection [HikariProxyConnection@322981749 wrapping com.mysql.cj.jdbc.ConnectionImpl@57b711b6] will not be managed by Spring
==>  Preparing: INSERT INTO L_city ( city_name, province_id ) VALUES ( ?, ? ) 
==> Parameters: 中山(String), 3(Integer)
<==    Updates: 1
Closing non transactional SqlSession [org.apache.ibatis.session.defaults.DefaultSqlSession@14b5325f]
Creating a new SqlSession
SqlSession [org.apache.ibatis.session.defaults.DefaultSqlSession@3d718248] was not registered for synchronization because synchronization is not active
JDBC Connection [HikariProxyConnection@752572788 wrapping com.mysql.cj.jdbc.ConnectionImpl@57b711b6] will not be managed by Spring
==>  Preparing: INSERT INTO L_city ( city_name, province_id ) VALUES ( ?, ? ) 
==> Parameters: 惠州(String), 3(Integer)
<==    Updates: 1
Closing non transactional SqlSession [org.apache.ibatis.session.defaults.DefaultSqlSession@3d718248]
Creating a new SqlSession
SqlSession [org.apache.ibatis.session.defaults.DefaultSqlSession@62360a68] was not registered for synchronization because synchronization is not active
JDBC Connection [HikariProxyConnection@340852643 wrapping com.mysql.cj.jdbc.ConnectionImpl@57b711b6] will not be managed by Spring
==>  Preparing: INSERT INTO L_city ( city_name, province_id ) VALUES ( ?, ? ) 
==> Parameters: 湛江(String), 3(Integer)
<==    Updates: 1
Closing non transactional SqlSession [org.apache.ibatis.session.defaults.DefaultSqlSession@62360a68]
Creating a new SqlSession
SqlSession [org.apache.ibatis.session.defaults.DefaultSqlSession@6adcf059] was not registered for synchronization because synchronization is not active
JDBC Connection [HikariProxyConnection@2036508486 wrapping com.mysql.cj.jdbc.ConnectionImpl@57b711b6] will not be managed by Spring
==>  Preparing: INSERT INTO L_city ( city_name, province_id ) VALUES ( ?, ? ) 
==> Parameters: 江门(String), 3(Integer)
<==    Updates: 1
Closing non transactional SqlSession [org.apache.ibatis.session.defaults.DefaultSqlSession@6adcf059]
Creating a new SqlSession
SqlSession [org.apache.ibatis.session.defaults.DefaultSqlSession@772cf46b] was not registered for synchronization because synchronization is not active
JDBC Connection [HikariProxyConnection@462959967 wrapping com.mysql.cj.jdbc.ConnectionImpl@57b711b6] will not be managed by Spring
==>  Preparing: INSERT INTO L_city ( city_name, province_id ) VALUES ( ?, ? ) 
==> Parameters: 汕头(String), 3(Integer)
<==    Updates: 1
Closing non transactional SqlSession [org.apache.ibatis.session.defaults.DefaultSqlSession@772cf46b]
Creating a new SqlSession
SqlSession [org.apache.ibatis.session.defaults.DefaultSqlSession@1fc5c0b2] was not registered for synchronization because synchronization is not active
JDBC Connection [HikariProxyConnection@1168981208 wrapping com.mysql.cj.jdbc.ConnectionImpl@57b711b6] will not be managed by Spring
==>  Preparing: INSERT INTO L_city ( city_name, province_id ) VALUES ( ?, ? ) 
==> Parameters: 肇庆(String), 3(Integer)
<==    Updates: 1
Closing non transactional SqlSession [org.apache.ibatis.session.defaults.DefaultSqlSession@1fc5c0b2]
Creating a new SqlSession
SqlSession [org.apache.ibatis.session.defaults.DefaultSqlSession@6bdedbbd] was not registered for synchronization because synchronization is not active
JDBC Connection [HikariProxyConnection@1203331554 wrapping com.mysql.cj.jdbc.ConnectionImpl@57b711b6] will not be managed by Spring
==>  Preparing: INSERT INTO L_city ( city_name, province_id ) VALUES ( ?, ? ) 
==> Parameters: 茂名(String), 3(Integer)
<==    Updates: 1
Closing non transactional SqlSession [org.apache.ibatis.session.defaults.DefaultSqlSession@6bdedbbd]
Creating a new SqlSession
SqlSession [org.apache.ibatis.session.defaults.DefaultSqlSession@30bd39d5] was not registered for synchronization because synchronization is not active
JDBC Connection [HikariProxyConnection@1015539793 wrapping com.mysql.cj.jdbc.ConnectionImpl@57b711b6] will not be managed by Spring
==>  Preparing: INSERT INTO L_city ( city_name, province_id ) VALUES ( ?, ? ) 
==> Parameters: 梅州(String), 3(Integer)
<==    Updates: 1
Closing non transactional SqlSession [org.apache.ibatis.session.defaults.DefaultSqlSession@30bd39d5]
Creating a new SqlSession
SqlSession [org.apache.ibatis.session.defaults.DefaultSqlSession@380e33c2] was not registered for synchronization because synchronization is not active
JDBC Connection [HikariProxyConnection@1003000306 wrapping com.mysql.cj.jdbc.ConnectionImpl@57b711b6] will not be managed by Spring
==>  Preparing: INSERT INTO L_city ( city_name, province_id ) VALUES ( ?, ? ) 
[...]
==> Parameters: 6.07(String), 84634(Integer), 4645(Integer), 79865(Integer), 3(Integer)
<==    Updates: 1
Closing non transactional SqlSession [org.apache.ibatis.session.defaults.DefaultSqlSession@14d18029]
Creating a new SqlSession
SqlSession [org.apache.ibatis.session.defaults.DefaultSqlSession@56e8a8a0] was not registered for synchronization because synchronization is not active
JDBC Connection [HikariProxyConnection@1618043679 wrapping com.mysql.cj.jdbc.ConnectionImpl@49f2646] will not be managed by Spring
==>  Preparing: INSERT INTO L_trend ( date, sure_Cnt, die_Cnt, cure_Cnt, doubt_Cnt ) VALUES ( ?, ?, ?, ?, ? ) 
==> Parameters: 6.08(String), 84638(Integer), 4645(Integer), 79875(Integer), 1(Integer)
<==    Updates: 1
Closing non transactional SqlSession [org.apache.ibatis.session.defaults.DefaultSqlSession@56e8a8a0]
Creating a new SqlSession
SqlSession [org.apache.ibatis.session.defaults.DefaultSqlSession@7438c3d5] was not registered for synchronization because synchronization is not active
JDBC Connection [HikariProxyConnection@532299734 wrapping com.mysql.cj.jdbc.ConnectionImpl@49f2646] will not be managed by Spring
==>  Preparing: INSERT INTO L_trend ( date, sure_Cnt, die_Cnt, cure_Cnt, doubt_Cnt ) VALUES ( ?, ?, ?, ?, ? ) 
==> Parameters: 6.09(String), 84641(Integer), 4645(Integer), 79883(Integer), 2(Integer)
<==    Updates: 1
Closing non transactional SqlSession [org.apache.ibatis.session.defaults.DefaultSqlSession@7438c3d5]
Creating a new SqlSession
SqlSession [org.apache.ibatis.session.defaults.DefaultSqlSession@5939f047] was not registered for synchronization because synchronization is not active
JDBC Connection [HikariProxyConnection@389226553 wrapping com.mysql.cj.jdbc.ConnectionImpl@49f2646] will not be managed by Spring
==>  Preparing: INSERT INTO L_trend ( date, sure_Cnt, die_Cnt, cure_Cnt, doubt_Cnt ) VALUES ( ?, ?, ?, ?, ? ) 
==> Parameters: 6.10(String), 84652(Integer), 4645(Integer), 79888(Integer), 1(Integer)
<==    Updates: 1
Closing non transactional SqlSession [org.apache.ibatis.session.defaults.DefaultSqlSession@5939f047]
Creating a new SqlSession
SqlSession [org.apache.ibatis.session.defaults.DefaultSqlSession@67ecf7ed] was not registered for synchronization because synchronization is not active
JDBC Connection [HikariProxyConnection@1775247809 wrapping com.mysql.cj.jdbc.ConnectionImpl@49f2646] will not be managed by Spring
==>  Preparing: INSERT INTO L_trend ( date, sure_Cnt, die_Cnt, cure_Cnt, doubt_Cnt ) VALUES ( ?, ?, ?, ?, ? ) 
==> Parameters: 6.11(String), 84659(Integer), 4645(Integer), 79896(Integer), 1(Integer)
<==    Updates: 1
Closing non transactional SqlSession [org.apache.ibatis.session.defaults.DefaultSqlSession@67ecf7ed]
Creating a new SqlSession
SqlSession [org.apache.ibatis.session.defaults.DefaultSqlSession@106802ea] was not registered for synchronization because synchronization is not active
JDBC Connection [HikariProxyConnection@2019489551 wrapping com.mysql.cj.jdbc.ConnectionImpl@49f2646] will not be managed by Spring
==>  Preparing: INSERT INTO L_trend ( date, sure_Cnt, die_Cnt, cure_Cnt, doubt_Cnt ) VALUES ( ?, ?, ?, ?, ? ) 
==> Parameters: 6.12(String), 84671(Integer), 4645(Integer), 79903(Integer), 1(Integer)
<==    Updates: 1
Closing non transactional SqlSession [org.apache.ibatis.session.defaults.DefaultSqlSession@106802ea]
Creating a new SqlSession
SqlSession [org.apache.ibatis.session.defaults.DefaultSqlSession@23358740] was not registered for synchronization because synchronization is not active
JDBC Connection [HikariProxyConnection@752679590 wrapping com.mysql.cj.jdbc.ConnectionImpl@49f2646] will not be managed by Spring
==>  Preparing: INSERT INTO L_trend ( date, sure_Cnt, die_Cnt, cure_Cnt, doubt_Cnt ) VALUES ( ?, ?, ?, ?, ? ) 
==> Parameters: 6.13(String), 84729(Integer), 4645(Integer), 79906(Integer), 2(Integer)
<==    Updates: 1
Closing non transactional SqlSession [org.apache.ibatis.session.defaults.DefaultSqlSession@23358740]
Creating a new SqlSession
SqlSession [org.apache.ibatis.session.defaults.DefaultSqlSession@66682e8f] was not registered for synchronization because synchronization is not active
JDBC Connection [HikariProxyConnection@757788974 wrapping com.mysql.cj.jdbc.ConnectionImpl@49f2646] will not be managed by Spring
==>  Preparing: INSERT INTO L_trend ( date, sure_Cnt, die_Cnt, cure_Cnt, doubt_Cnt ) VALUES ( ?, ?, ?, ?, ? ) 
==> Parameters: 6.14(String), 84778(Integer), 4645(Integer), 79913(Integer), 3(Integer)
2021-02-05 13:23:06.481  WARN 19220 --- [           main] com.zaxxer.hikari.pool.ProxyConnection   : HikariPool-1 - Connection com.mysql.cj.jdbc.ConnectionImpl@49f2646 marked as broken because of SQLSTATE(08S01), ErrorCode(0)

com.mysql.cj.jdbc.exceptions.CommunicationsException: Communications link failure

The last packet successfully received from the server was 19,141 milliseconds ago. The last packet sent successfully to the server was 19,141 milliseconds ago.
	at com.mysql.cj.jdbc.exceptions.SQLError.createCommunicationsException(SQLError.java:174) ~[mysql-connector-java-8.0.19.jar:8.0.19]
	at com.mysql.cj.jdbc.exceptions.SQLExceptionsMapping.translateException(SQLExceptionsMapping.java:64) ~[mysql-connector-java-8.0.19.jar:8.0.19]
	at com.mysql.cj.jdbc.ClientPreparedStatement.executeInternal(ClientPreparedStatement.java:953) ~[mysql-connector-java-8.0.19.jar:8.0.19]
	at com.mysql.cj.jdbc.ClientPreparedStatement.execute(ClientPreparedStatement.java:370) ~[mysql-connector-java-8.0.19.jar:8.0.19]
	at com.zaxxer.hikari.pool.ProxyPreparedStatement.execute(ProxyPreparedStatement.java:44) ~[HikariCP-3.4.2.jar:na]
	at com.zaxxer.hikari.pool.HikariProxyPreparedStatement.execute(HikariProxyPreparedStatement.java) [HikariCP-3.4.2.jar:na]
	at sun.reflect.GeneratedMethodAccessor62.invoke(Unknown Source) ~[na:na]
	at sun.reflect.DelegatingMethodAccessorImpl.invoke(DelegatingMethodAccessorImpl.java:43) ~[na:1.8.0_261]
	at java.lang.reflect.Method.invoke(Method.java:498) ~[na:1.8.0_261]
	at org.apache.ibatis.logging.jdbc.PreparedStatementLogger.invoke(PreparedStatementLogger.java:59) [mybatis-3.5.4.jar:3.5.4]
	at com.sun.proxy.$Proxy114.execute(Unknown Source) [na:na]
	at org.apache.ibatis.executor.statement.PreparedStatementHandler.update(PreparedStatementHandler.java:47) [mybatis-3.5.4.jar:3.5.4]
	at org.apache.ibatis.executor.statement.RoutingStatementHandler.update(RoutingStatementHandler.java:74) [mybatis-3.5.4.jar:3.5.4]
	at com.baomidou.mybatisplus.core.executor.MybatisSimpleExecutor.doUpdate(MybatisSimpleExecutor.java:54) [mybatis-plus-core-3.3.2.jar:3.3.2]
	at org.apache.ibatis.executor.BaseExecutor.update(BaseExecutor.java:117) [mybatis-3.5.4.jar:3.5.4]
	at com.baomidou.mybatisplus.core.executor.MybatisCachingExecutor.update(MybatisCachingExecutor.java:83) [mybatis-plus-core-3.3.2.jar:3.3.2]
	at org.apache.ibatis.session.defaults.DefaultSqlSession.update(DefaultSqlSession.java:197) [mybatis-3.5.4.jar:3.5.4]
	at org.apache.ibatis.session.defaults.DefaultSqlSession.insert(DefaultSqlSession.java:184) [mybatis-3.5.4.jar:3.5.4]
	at sun.reflect.GeneratedMethodAccessor66.invoke(Unknown Source) ~[na:na]
	at sun.reflect.DelegatingMethodAccessorImpl.invoke(DelegatingMethodAccessorImpl.java:43) ~[na:1.8.0_261]
	at java.lang.reflect.Method.invoke(Method.java:498) ~[na:1.8.0_261]
	at org.mybatis.spring.SqlSessionTemplate$SqlSessionInterceptor.invoke(SqlSessionTemplate.java:426) [mybatis-spring-2.0.4.jar:2.0.4]
	at com.sun.proxy.$Proxy73.insert(Unknown Source) [na:na]
	at org.mybatis.spring.SqlSessionTemplate.insert(SqlSessionTemplate.java:271) [mybatis-spring-2.0.4.jar:2.0.4]
	at com.baomidou.mybatisplus.core.override.MybatisMapperMethod.execute(MybatisMapperMethod.java:60) [mybatis-plus-core-3.3.2.jar:3.3.2]
	at com.baomidou.mybatisplus.core.override.MybatisMapperProxy.invoke(MybatisMapperProxy.java:96) [mybatis-plus-core-3.3.2.jar:3.3.2]
	at com.sun.proxy.$Proxy101.insert(Unknown Source) [na:na]
	at sun.reflect.GeneratedMethodAccessor65.invoke(Unknown Source) ~[na:na]
	at sun.reflect.DelegatingMethodAccessorImpl.invoke(DelegatingMethodAccessorImpl.java:43) ~[na:1.8.0_261]
	at java.lang.reflect.Method.invoke(Method.java:498) ~[na:1.8.0_261]
	at org.springframework.aop.support.AopUtils.invokeJoinpointUsingReflection(AopUtils.java:344) [spring-aop-5.2.5.RELEASE.jar:5.2.5.RELEASE]
	at org.springframework.aop.framework.ReflectiveMethodInvocation.invokeJoinpoint(ReflectiveMethodInvocation.java:198) [spring-aop-5.2.5.RELEASE.jar:5.2.5.RELEASE]
	at org.springframework.aop.framework.ReflectiveMethodInvocation.proceed(ReflectiveMethodInvocation.java:163) [spring-aop-5.2.5.RELEASE.jar:5.2.5.RELEASE]
	at org.springframework.dao.support.PersistenceExceptionTranslationInterceptor.invoke(PersistenceExceptionTranslationInterceptor.java:139) [spring-tx-5.2.5.RELEASE.jar:5.2.5.RELEASE]
	at org.springframework.aop.framework.ReflectiveMethodInvocation.proceed(ReflectiveMethodInvocation.java:186) [spring-aop-5.2.5.RELEASE.jar:5.2.5.RELEASE]
	at org.springframework.aop.framework.JdkDynamicAopProxy.invoke(JdkDynamicAopProxy.java:212) [spring-aop-5.2.5.RELEASE.jar:5.2.5.RELEASE]
	at com.sun.proxy.$Proxy102.insert(Unknown Source) [na:na]
	at com.leslie.StudentsMapperTest.lambda$test3$2(StudentsMapperTest.java:91) [test-classes/:na]
	at java.util.ArrayList.forEach(ArrayList.java:1259) ~[na:1.8.0_261]
	at com.leslie.StudentsMapperTest.test3(StudentsMapperTest.java:90) [test-classes/:na]
	at sun.reflect.NativeMethodAccessorImpl.invoke0(Native Method) ~[na:1.8.0_261]
	at sun.reflect.NativeMethodAccessorImpl.invoke(NativeMethodAccessorImpl.java:62) ~[na:1.8.0_261]
	at sun.reflect.DelegatingMethodAccessorImpl.invoke(DelegatingMethodAccessorImpl.java:43) ~[na:1.8.0_261]
	at java.lang.reflect.Method.invoke(Method.java:498) ~[na:1.8.0_261]
	at org.junit.runners.model.FrameworkMethod$1.runReflectiveCall(FrameworkMethod.java:50) ~[junit-4.12.jar:4.12]
	at org.junit.internal.runners.model.ReflectiveCallable.run(ReflectiveCallable.java:12) ~[junit-4.12.jar:4.12]
	at org.junit.runners.model.FrameworkMethod.invokeExplosively(FrameworkMethod.java:47) ~[junit-4.12.jar:4.12]
	at org.junit.internal.runners.statements.InvokeMethod.evaluate(InvokeMethod.java:17) ~[junit-4.12.jar:4.12]
	at org.springframework.test.context.junit4.statements.RunBeforeTestExecutionCallbacks.evaluate(RunBeforeTestExecutionCallbacks.java:74) ~[spring-test-5.2.5.RELEASE.jar:5.2.5.RELEASE]
	at org.springframework.test.context.junit4.statements.RunAfterTestExecutionCallbacks.evaluate(RunAfterTestExecutionCallbacks.java:84) ~[spring-test-5.2.5.RELEASE.jar:5.2.5.RELEASE]
	at org.springframework.test.context.junit4.statements.RunBeforeTestMethodCallbacks.evaluate(RunBeforeTestMethodCallbacks.java:75) ~[spring-test-5.2.5.RELEASE.jar:5.2.5.RELEASE]
	at org.springframework.test.context.junit4.statements.RunAfterTestMethodCallbacks.evaluate(RunAfterTestMethodCallbacks.java:86) ~[spring-test-5.2.5.RELEASE.jar:5.2.5.RELEASE]
	at org.springframework.test.context.junit4.statements.SpringRepeat.evaluate(SpringRepeat.java:84) ~[spring-test-5.2.5.RELEASE.jar:5.2.5.RELEASE]
	at org.junit.runners.ParentRunner.runLeaf(ParentRunner.java:325) ~[junit-4.12.jar:4.12]
	at org.springframework.test.context.junit4.SpringJUnit4ClassRunner.runChild(SpringJUnit4ClassRunner.java:251) ~[spring-test-5.2.5.RELEASE.jar:5.2.5.RELEASE]
	at org.springframework.test.context.junit4.SpringJUnit4ClassRunner.runChild(SpringJUnit4ClassRunner.java:97) ~[spring-test-5.2.5.RELEASE.jar:5.2.5.RELEASE]
	at org.junit.runners.ParentRunner$3.run(ParentRunner.java:290) ~[junit-4.12.jar:4.12]
	at org.junit.runners.ParentRunner$1.schedule(ParentRunner.java:71) ~[junit-4.12.jar:4.12]
	at org.junit.runners.ParentRunner.runChildren(ParentRunner.java:288) ~[junit-4.12.jar:4.12]
	at org.junit.runners.ParentRunner.access$000(ParentRunner.java:58) ~[junit-4.12.jar:4.12]
	at org.junit.runners.ParentRunner$2.evaluate(ParentRunner.java:268) ~[junit-4.12.jar:4.12]
	at org.springframework.test.context.junit4.statements.RunBeforeTestClassCallbacks.evaluate(RunBeforeTestClassCallbacks.java:61) ~[spring-test-5.2.5.RELEASE.jar:5.2.5.RELEASE]
	at org.springframework.test.context.junit4.statements.RunAfterTestClassCallbacks.evaluate(RunAfterTestClassCallbacks.java:70) ~[spring-test-5.2.5.RELEASE.jar:5.2.5.RELEASE]
	at org.junit.runners.ParentRunner.run(ParentRunner.java:363) ~[junit-4.12.jar:4.12]
	at org.springframework.test.context.junit4.SpringJUnit4ClassRunner.run(SpringJUnit4ClassRunner.java:190) ~[spring-test-5.2.5.RELEASE.jar:5.2.5.RELEASE]
	at org.junit.runner.JUnitCore.run(JUnitCore.java:137) ~[junit-4.12.jar:4.12]
	at org.junit.runner.JUnitCore.run(JUnitCore.java:115) ~[junit-4.12.jar:4.12]
	at org.junit.vintage.engine.execution.RunnerExecutor.execute(RunnerExecutor.java:40) ~[junit-vintage-engine-5.5.2.jar:5.5.2]
	at java.util.stream.ForEachOps$ForEachOp$OfRef.accept(ForEachOps.java:184) ~[na:1.8.0_261]
	at java.util.stream.ReferencePipeline$3$1.accept(ReferencePipeline.java:193) ~[na:1.8.0_261]
	at java.util.Iterator.forEachRemaining(Iterator.java:116) ~[na:1.8.0_261]
	at java.util.Spliterators$IteratorSpliterator.forEachRemaining(Spliterators.java:1801) ~[na:1.8.0_261]
	at java.util.stream.AbstractPipeline.copyInto(AbstractPipeline.java:482) ~[na:1.8.0_261]
	at java.util.stream.AbstractPipeline.wrapAndCopyInto(AbstractPipeline.java:472) ~[na:1.8.0_261]
	at java.util.stream.ForEachOps$ForEachOp.evaluateSequential(ForEachOps.java:151) ~[na:1.8.0_261]
	at java.util.stream.ForEachOps$ForEachOp$OfRef.evaluateSequential(ForEachOps.java:174) ~[na:1.8.0_261]
	at java.util.stream.AbstractPipeline.evaluate(AbstractPipeline.java:234) ~[na:1.8.0_261]
	at java.util.stream.ReferencePipeline.forEach(ReferencePipeline.java:418) ~[na:1.8.0_261]
	at org.junit.vintage.engine.VintageTestEngine.executeAllChildren(VintageTestEngine.java:80) ~[junit-vintage-engine-5.5.2.jar:5.5.2]
	at org.junit.vintage.engine.VintageTestEngine.execute(VintageTestEngine.java:71) ~[junit-vintage-engine-5.5.2.jar:5.5.2]
	at org.junit.platform.launcher.core.DefaultLauncher.execute(DefaultLauncher.java:220) ~[junit-platform-launcher-1.3.1.jar:1.3.1]
	at org.junit.platform.launcher.core.DefaultLauncher.lambda$execute$6(DefaultLauncher.java:188) ~[junit-platform-launcher-1.3.1.jar:1.3.1]
	at org.junit.platform.launcher.core.DefaultLauncher.withInterceptedStreams(DefaultLauncher.java:202) ~[junit-platform-launcher-1.3.1.jar:1.3.1]
	at org.junit.platform.launcher.core.DefaultLauncher.execute(DefaultLauncher.java:181) ~[junit-platform-launcher-1.3.1.jar:1.3.1]
	at org.junit.platform.launcher.core.DefaultLauncher.execute(DefaultLauncher.java:128) ~[junit-platform-launcher-1.3.1.jar:1.3.1]
	at org.apache.maven.surefire.junitplatform.JUnitPlatformProvider.invokeAllTests(JUnitPlatformProvider.java:150) ~[surefire-junit-platform-2.22.2.jar:2.22.2]
	at org.apache.maven.surefire.junitplatform.JUnitPlatformProvider.invoke(JUnitPlatformProvider.java:124) ~[surefire-junit-platform-2.22.2.jar:2.22.2]
	at org.apache.maven.surefire.booter.ForkedBooter.invokeProviderInSameClassLoader(ForkedBooter.java:384) ~[surefire-booter-2.22.2.jar:2.22.2]
	at org.apache.maven.surefire.booter.ForkedBooter.runSuitesInProcess(ForkedBooter.java:345) ~[surefire-booter-2.22.2.jar:2.22.2]
	at org.apache.maven.surefire.booter.ForkedBooter.execute(ForkedBooter.java:126) ~[surefire-booter-2.22.2.jar:2.22.2]
	at org.apache.maven.surefire.booter.ForkedBooter.main(ForkedBooter.java:418) ~[surefire-booter-2.22.2.jar:2.22.2]
Caused by: com.mysql.cj.exceptions.CJCommunicationsException: Communications link failure

The last packet successfully received from the server was 19,141 milliseconds ago. The last packet sent successfully to the server was 19,141 milliseconds ago.
	at sun.reflect.NativeConstructorAccessorImpl.newInstance0(Native Method) ~[na:1.8.0_261]
	at sun.reflect.NativeConstructorAccessorImpl.newInstance(NativeConstructorAccessorImpl.java:62) ~[na:1.8.0_261]
	at sun.reflect.DelegatingConstructorAccessorImpl.newInstance(DelegatingConstructorAccessorImpl.java:45) ~[na:1.8.0_261]
	at java.lang.reflect.Constructor.newInstance(Constructor.java:423) ~[na:1.8.0_261]
	at com.mysql.cj.exceptions.ExceptionFactory.createException(ExceptionFactory.java:61) ~[mysql-connector-java-8.0.19.jar:8.0.19]
	at com.mysql.cj.exceptions.ExceptionFactory.createException(ExceptionFactory.java:105) ~[mysql-connector-java-8.0.19.jar:8.0.19]
	at com.mysql.cj.exceptions.ExceptionFactory.createException(ExceptionFactory.java:151) ~[mysql-connector-java-8.0.19.jar:8.0.19]
	at com.mysql.cj.exceptions.ExceptionFactory.createCommunicationsException(ExceptionFactory.java:167) ~[mysql-connector-java-8.0.19.jar:8.0.19]
	at com.mysql.cj.protocol.a.NativeProtocol.readMessage(NativeProtocol.java:539) ~[mysql-connector-java-8.0.19.jar:8.0.19]
	at com.mysql.cj.protocol.a.NativeProtocol.checkErrorMessage(NativeProtocol.java:703) ~[mysql-connector-java-8.0.19.jar:8.0.19]
	at com.mysql.cj.protocol.a.NativeProtocol.sendCommand(NativeProtocol.java:642) ~[mysql-connector-java-8.0.19.jar:8.0.19]
	at com.mysql.cj.protocol.a.NativeProtocol.sendQueryPacket(NativeProtocol.java:941) ~[mysql-connector-java-8.0.19.jar:8.0.19]
	at com.mysql.cj.NativeSession.execSQL(NativeSession.java:1075) ~[mysql-connector-java-8.0.19.jar:8.0.19]
	at com.mysql.cj.jdbc.ClientPreparedStatement.executeInternal(ClientPreparedStatement.java:930) ~[mysql-connector-java-8.0.19.jar:8.0.19]
	... 88 common frames omitted
Caused by: java.net.SocketTimeoutException: Read timed out
	at java.net.SocketInputStream.socketRead0(Native Method) ~[na:1.8.0_261]
	at java.net.SocketInputStream.socketRead(SocketInputStream.java:116) ~[na:1.8.0_261]
	at java.net.SocketInputStream.read(SocketInputStream.java:171) ~[na:1.8.0_261]
	at java.net.SocketInputStream.read(SocketInputStream.java:141) ~[na:1.8.0_261]
	at com.mysql.cj.protocol.ReadAheadInputStream.fill(ReadAheadInputStream.java:107) ~[mysql-connector-java-8.0.19.jar:8.0.19]
	at com.mysql.cj.protocol.ReadAheadInputStream.readFromUnderlyingStreamIfNecessary(ReadAheadInputStream.java:150) ~[mysql-connector-java-8.0.19.jar:8.0.19]
	at com.mysql.cj.protocol.ReadAheadInputStream.read(ReadAheadInputStream.java:180) ~[mysql-connector-java-8.0.19.jar:8.0.19]
	at java.io.FilterInputStream.read(FilterInputStream.java:133) ~[na:1.8.0_261]
	at com.mysql.cj.protocol.FullReadInputStream.readFully(FullReadInputStream.java:64) ~[mysql-connector-java-8.0.19.jar:8.0.19]
	at com.mysql.cj.protocol.a.SimplePacketReader.readHeader(SimplePacketReader.java:63) ~[mysql-connector-java-8.0.19.jar:8.0.19]
	at com.mysql.cj.protocol.a.SimplePacketReader.readHeader(SimplePacketReader.java:45) ~[mysql-connector-java-8.0.19.jar:8.0.19]
	at com.mysql.cj.protocol.a.TimeTrackingPacketReader.readHeader(TimeTrackingPacketReader.java:52) ~[mysql-connector-java-8.0.19.jar:8.0.19]
	at com.mysql.cj.protocol.a.TimeTrackingPacketReader.readHeader(TimeTrackingPacketReader.java:41) ~[mysql-connector-java-8.0.19.jar:8.0.19]
	at com.mysql.cj.protocol.a.MultiPacketReader.readHeader(MultiPacketReader.java:54) ~[mysql-connector-java-8.0.19.jar:8.0.19]
	at com.mysql.cj.protocol.a.MultiPacketReader.readHeader(MultiPacketReader.java:44) ~[mysql-connector-java-8.0.19.jar:8.0.19]
	at com.mysql.cj.protocol.a.NativeProtocol.readMessage(NativeProtocol.java:533) ~[mysql-connector-java-8.0.19.jar:8.0.19]
	... 93 common frames omitted

Closing non transactional SqlSession [org.apache.ibatis.session.defaults.DefaultSqlSession@66682e8f]
]]></system-out>
  </testcase>
  <testcase name="test4" classname="com.leslie.StudentsMapperTest" time="0.694"/>
  <testcase name="test6" classname="com.leslie.StudentsMapperTest" time="1.11"/>
  <testcase name="test7" classname="com.leslie.StudentsMapperTest" time="0"/>
  <testcase name="test8" classname="com.leslie.StudentsMapperTest" time="0.174"/>
  <testcase name="test9" classname="com.leslie.StudentsMapperTest" time="0.404"/>
</testsuite>